 [35mhttp[39m: [35mInitialized db connection[39m
 [35mhttp[39m: [35mServer running on port 4000...[39m
 [35mhttp[39m: [35mInitialized db connection[39m
 [35mhttp[39m: [35mInitialized db connection[39m
 [35mhttp[39m: [35mServer running on port 4000...[39m
 [35mhttp[39m: [35mInitialized db connection[39m
 [35mhttp[39m: [35mInitialized db connection[39m
 [35mhttp[39m: [35mServer running on port 4000...[39m
 [35mhttp[39m: [35mInitialized db connection[39m
 [35mhttp[39m: [35mInitialized db connection[39m
 [35mhttp[39m: [35mServer running on port 4000...[39m
 [35mhttp[39m: [35mInitialized db connection[39m
 [35mhttp[39m: [35mInitialized db connection[39m
 [35mhttp[39m: [35mServer running on port 4000...[39m
 [35mhttp[39m: [35mInitialized db connection[39m
 [35mhttp[39m: [35mInitialized db connection[39m
 [35mhttp[39m: [35mServer running on port 5001...[39m
 [35mhttp[39m: [35mInitialized db connection[39m
 [35mhttp[39m: [35mPOST /api/login - - - - ms[39m
[35m[39m
 [35mhttp[39m: [35mInitialized db connection[39m
 [35mhttp[39m: [35mServer running on port 5001...[39m
 [35mhttp[39m: [35mInitialized db connection[39m
 [35mhttp[39m: [35mInitialized db connection[39m
 [35mhttp[39m: [35mServer running on port 5001...[39m
 [35mhttp[39m: [35mInitialized db connection[39m
 [35mhttp[39m: [35mInitialized db connection[39m
 [35mhttp[39m: [35mServer running on port 5001...[39m
 [35mhttp[39m: [35mInitialized db connection[39m
 [35mhttp[39m: [35mInitialized db connection[39m
 [35mhttp[39m: [35mServer running on port 5001...[39m
 [35mhttp[39m: [35mInitialized db connection[39m
 [35mhttp[39m: [35mInitialized db connection[39m
 [35mhttp[39m: [35mServer running on port 5001...[39m
 [35mhttp[39m: [35mInitialized db connection[39m
 [35mhttp[39m: [35mInitialized db connection[39m
 [35mhttp[39m: [35mServer running on port 5001...[39m
 [35mhttp[39m: [35mInitialized db connection[39m
 [35mhttp[39m: [35mInitialized db connection[39m
 [35mhttp[39m: [35mServer running on port 5001...[39m
 [35mhttp[39m: [35mInitialized db connection[39m
 [35mhttp[39m: [35mInitialized db connection[39m
 [35mhttp[39m: [35mServer running on port 5001...[39m
 [35mhttp[39m: [35mInitialized db connection[39m
 [35mhttp[39m: [35mInitialized db connection[39m
 [35mhttp[39m: [35mServer running on port 5001...[39m
 [35mhttp[39m: [35mInitialized db connection[39m
 [35mhttp[39m: [35mInitialized db connection[39m
 [35mhttp[39m: [35mServer running on port 5001...[39m
 [35mhttp[39m: [35mInitialized db connection[39m
 [35mhttp[39m: [35mInitialized db connection[39m
 [35mhttp[39m: [35mServer running on port 5001...[39m
 [35mhttp[39m: [35mInitialized db connection[39m
 [35mhttp[39m: [35mInitialized db connection[39m
 [35mhttp[39m: [35mServer running on port 5001...[39m
 [35mhttp[39m: [35mInitialized db connection[39m
 [35mhttp[39m: [35mInitialized db connection[39m
 [35mhttp[39m: [35mServer running on port 5001...[39m
 [35mhttp[39m: [35mInitialized db connection[39m
 [35mhttp[39m: [35mInitialized db connection[39m
 [35mhttp[39m: [35mServer running on port 5001...[39m
 [35mhttp[39m: [35mInitialized db connection[39m
 [35mhttp[39m: [35mInitialized db connection[39m
 [35mhttp[39m: [35mServer running on port 5001...[39m
 [35mhttp[39m: [35mInitialized db connection[39m
 [35mhttp[39m: [35mInitialized db connection[39m
 [35mhttp[39m: [35mServer running on port 5001...[39m
 [35mhttp[39m: [35mInitialized db connection[39m
 [35mhttp[39m: [35mInitialized db connection[39m
 [35mhttp[39m: [35mServer running on port 5001...[39m
 [35mhttp[39m: [35mInitialized db connection[39m
 [35mhttp[39m: [35mInitialized db connection[39m
 [35mhttp[39m: [35mServer running on port 5001...[39m
 [35mhttp[39m: [35mInitialized db connection[39m
 [35mhttp[39m: [35mInitialized db connection[39m
 [35mhttp[39m: [35mServer running on port 5001...[39m
 [35mhttp[39m: [35mInitialized db connection[39m
 [35mhttp[39m: [35mInitialized db connection[39m
 [35mhttp[39m: [35mServer running on port 5001...[39m
 [35mhttp[39m: [35mInitialized db connection[39m
 [35mhttp[39m: [35mInitialized db connection[39m
 [35mhttp[39m: [35mServer running on port 5001...[39m
 [35mhttp[39m: [35mInitialized db connection[39m
 [35mhttp[39m: [35mInitialized db connection[39m
 [35mhttp[39m: [35mServer running on port 5001...[39m
 [35mhttp[39m: [35mInitialized db connection[39m
 [35mhttp[39m: [35mPOST /api/register 201 155 - 2.296 ms[39m
[35m[39m
 [35mhttp[39m: [35mInitialized db connection[39m
 [35mhttp[39m: [35mServer running on port 5001...[39m
 [35mhttp[39m: [35mInitialized db connection[39m
 [35mhttp[39m: [35mPOST /api/register 201 76 - 1.967 ms[39m
[35m[39m
 [35mhttp[39m: [35mInitialized db connection[39m
 [35mhttp[39m: [35mServer running on port 5001...[39m
 [35mhttp[39m: [35mInitialized db connection[39m
 [35mhttp[39m: [35mPOST /api/register 201 155 - 2.642 ms[39m
[35m[39m
 [35mhttp[39m: [35mInitialized db connection[39m
 [35mhttp[39m: [35mServer running on port 5001...[39m
 [35mhttp[39m: [35mInitialized db connection[39m
 [35mhttp[39m: [35mInitialized db connection[39m
 [35mhttp[39m: [35mServer running on port 5001...[39m
 [35mhttp[39m: [35mInitialized db connection[39m
 [35mhttp[39m: [35mInitialized db connection[39m
 [35mhttp[39m: [35mServer running on port 5001...[39m
 [35mhttp[39m: [35mInitialized db connection[39m
 [35mhttp[39m: [35mInitialized db connection[39m
 [35mhttp[39m: [35mServer running on port 5001...[39m
 [35mhttp[39m: [35mInitialized db connection[39m
 [35mhttp[39m: [35mInitialized db connection[39m
 [35mhttp[39m: [35mServer running on port 5001...[39m
 [35mhttp[39m: [35mInitialized db connection[39m
 [35mhttp[39m: [35mInitialized db connection[39m
 [35mhttp[39m: [35mServer running on port 5001...[39m
 [35mhttp[39m: [35mInitialized db connection[39m
 [35mhttp[39m: [35mInitialized db connection[39m
 [35mhttp[39m: [35mServer running on port 5001...[39m
 [35mhttp[39m: [35mInitialized db connection[39m
 [35mhttp[39m: [35mInitialized db connection[39m
 [35mhttp[39m: [35mServer running on port 5001...[39m
 [35mhttp[39m: [35mInitialized db connection[39m
 [35mhttp[39m: [35mPOST /api/register 201 76 - 43.139 ms[39m
[35m[39m
 [35mhttp[39m: [35mInitialized db connection[39m
 [35mhttp[39m: [35mServer running on port 5001...[39m
 [35mhttp[39m: [35mInitialized db connection[39m
 [35mhttp[39m: [35mPOST /api/register 403 91 - 24.781 ms[39m
[35m[39m
 [35mhttp[39m: [35mInitialized db connection[39m
 [35mhttp[39m: [35mServer running on port 5001...[39m
 [35mhttp[39m: [35mInitialized db connection[39m
 [35mhttp[39m: [35mPOST /api/register 403 92 - 21.132 ms[39m
[35m[39m
 [35mhttp[39m: [35mPOST /api/register 403 92 - 8.936 ms[39m
[35m[39m
 [35mhttp[39m: [35mPOST /api/register 403 92 - 10.509 ms[39m
[35m[39m
 [35mhttp[39m: [35mInitialized db connection[39m
 [35mhttp[39m: [35mServer running on port 5001...[39m
 [35mhttp[39m: [35mInitialized db connection[39m
 [35mhttp[39m: [35mInitialized db connection[39m
 [35mhttp[39m: [35mServer running on port 5001...[39m
 [35mhttp[39m: [35mInitialized db connection[39m
 [35mhttp[39m: [35mInitialized db connection[39m
 [35mhttp[39m: [35mServer running on port 5001...[39m
 [35mhttp[39m: [35mInitialized db connection[39m
 [35mhttp[39m: [35mInitialized db connection[39m
 [35mhttp[39m: [35mServer running on port 5001...[39m
 [35mhttp[39m: [35mInitialized db connection[39m
 [35mhttp[39m: [35mInitialized db connection[39m
 [35mhttp[39m: [35mServer running on port 5001...[39m
 [35mhttp[39m: [35mInitialized db connection[39m
 [35mhttp[39m: [35mInitialized db connection[39m
 [35mhttp[39m: [35mServer running on port 5001...[39m
 [35mhttp[39m: [35mInitialized db connection[39m
 [35mhttp[39m: [35mInitialized db connection[39m
 [35mhttp[39m: [35mServer running on port 5001...[39m
 [35mhttp[39m: [35mInitialized db connection[39m
 [35mhttp[39m: [35mInitialized db connection[39m
 [35mhttp[39m: [35mServer running on port 5001...[39m
 [35mhttp[39m: [35mInitialized db connection[39m
 [35mhttp[39m: [35mInitialized db connection[39m
 [35mhttp[39m: [35mServer running on port 5001...[39m
 [35mhttp[39m: [35mInitialized db connection[39m
 [35mhttp[39m: [35mInitialized db connection[39m
 [35mhttp[39m: [35mServer running on port 5001...[39m
 [35mhttp[39m: [35mInitialized db connection[39m
 [35mhttp[39m: [35mInitialized db connection[39m
 [35mhttp[39m: [35mServer running on port 5001...[39m
 [35mhttp[39m: [35mInitialized db connection[39m
 [35mhttp[39m: [35mPOST /api/register 403 93 - 36.576 ms[39m
[35m[39m
 [35mhttp[39m: [35mPOST /api/register 403 93 - 7.583 ms[39m
[35m[39m
 [35mhttp[39m: [35mInitialized db connection[39m
 [35mhttp[39m: [35mServer running on port 5001...[39m
 [35mhttp[39m: [35mInitialized db connection[39m
 [35mhttp[39m: [35mInitialized db connection[39m
 [35mhttp[39m: [35mServer running on port 5001...[39m
 [35mhttp[39m: [35mInitialized db connection[39m
 [35mhttp[39m: [35mInitialized db connection[39m
 [35mhttp[39m: [35mServer running on port 5001...[39m
 [35mhttp[39m: [35mInitialized db connection[39m
 [35mhttp[39m: [35mInitialized db connection[39m
 [35mhttp[39m: [35mServer running on port 5001...[39m
 [35mhttp[39m: [35mInitialized db connection[39m
 [35mhttp[39m: [35mInitialized db connection[39m
 [35mhttp[39m: [35mServer running on port 5001...[39m
 [35mhttp[39m: [35mInitialized db connection[39m
 [35mhttp[39m: [35mPOST /api/register 401 93 - 29.494 ms[39m
[35m[39m
 [35mhttp[39m: [35mInitialized db connection[39m
 [35mhttp[39m: [35mServer running on port 5001...[39m
 [35mhttp[39m: [35mInitialized db connection[39m
 [35mhttp[39m: [35mInitialized db connection[39m
 [35mhttp[39m: [35mServer running on port 5001...[39m
 [35mhttp[39m: [35mInitialized db connection[39m
 [35mhttp[39m: [35mPOST /api/register 401 1001 - 26.081 ms[39m
[35m[39m
 [35mhttp[39m: [35mPOST /api/register 401 1001 - 7.574 ms[39m
[35m[39m
 [35mhttp[39m: [35mInitialized db connection[39m
 [35mhttp[39m: [35mServer running on port 5001...[39m
 [35mhttp[39m: [35mInitialized db connection[39m
 [35mhttp[39m: [35mPOST /api/register 401 93 - 25.030 ms[39m
[35m[39m
 [35mhttp[39m: [35mPOST /api/register 401 93 - 7.407 ms[39m
[35m[39m
 [35mhttp[39m: [35mInitialized db connection[39m
 [35mhttp[39m: [35mServer running on port 5001...[39m
 [35mhttp[39m: [35mInitialized db connection[39m
 [35mhttp[39m: [35mPOST /api/register 500 185 - 126.080 ms[39m
[35m[39m
 [35mhttp[39m: [35mInitialized db connection[39m
 [35mhttp[39m: [35mServer running on port 5001...[39m
 [35mhttp[39m: [35mInitialized db connection[39m
 [35mhttp[39m: [35mPOST /api/register 201 124 - 163.414 ms[39m
[35m[39m
 [35mhttp[39m: [35mInitialized db connection[39m
 [35mhttp[39m: [35mServer running on port 5001...[39m
 [35mhttp[39m: [35mInitialized db connection[39m
 [35mhttp[39m: [35mInitialized db connection[39m
 [35mhttp[39m: [35mServer running on port 5001...[39m
 [35mhttp[39m: [35mInitialized db connection[39m
 [35mhttp[39m: [35mInitialized db connection[39m
 [35mhttp[39m: [35mServer running on port 5001...[39m
 [35mhttp[39m: [35mInitialized db connection[39m
 [31merror[39m: [31mError Message : subham or shubham@gmail.com You Entered Is Already Registered and Status Code : 401 [39m
 [35mhttp[39m: [35mPOST /api/register 401 109 - 22.557 ms[39m
[35m[39m
 [31merror[39m: [31mError Message : subham or undefined You Entered Is Already Registered and Status Code : 401 [39m
 [35mhttp[39m: [35mPOST /api/register 401 101 - 6.207 ms[39m
[35m[39m
 [31merror[39m: [31mError Message : User validation failed: email: Email  Field Cannot Be Empty and Status Code : 500 [39m
 [35mhttp[39m: [35mPOST /api/register 500 117 - 93.916 ms[39m
[35m[39m
 [35mhttp[39m: [35mInitialized db connection[39m
 [35mhttp[39m: [35mServer running on port 5001...[39m
 [35mhttp[39m: [35mInitialized db connection[39m
 [35mhttp[39m: [35mInitialized db connection[39m
 [35mhttp[39m: [35mServer running on port 5001...[39m
 [35mhttp[39m: [35mInitialized db connection[39m
 [35mhttp[39m: [35mOPTIONS /api/auth/register 204 0 - 1.745 ms[39m
[35m[39m
 [31merror[39m: [31mError Message : User validation failed: username: Full Name Field Cannot Be Empty, email: Email  Field Cannot Be Empty and Status Code : 500 [39m
 [35mhttp[39m: [35mPOST /api/auth/register 500 160 - 176.930 ms[39m
[35m[39m
 [35mhttp[39m: [35mOPTIONS /api/auth/register 204 0 - 0.212 ms[39m
[35m[39m
 [31merror[39m: [31mError Message : User validation failed: username: Full Name Field Cannot Be Empty, email: Email  Field Cannot Be Empty and Status Code : 500 [39m
 [35mhttp[39m: [35mPOST /api/auth/register 500 160 - 89.129 ms[39m
[35m[39m
 [35mhttp[39m: [35mOPTIONS /api/auth/register 204 0 - 0.197 ms[39m
[35m[39m
 [31merror[39m: [31mError Message : User validation failed: username: Full Name Field Cannot Be Empty, email: Email  Field Cannot Be Empty and Status Code : 500 [39m
 [35mhttp[39m: [35mPOST /api/auth/register 500 160 - 83.526 ms[39m
[35m[39m
 [35mhttp[39m: [35mOPTIONS /api/auth/register 204 0 - 0.121 ms[39m
[35m[39m
 [31merror[39m: [31mError Message : User validation failed: username: Full Name Field Cannot Be Empty, email: Email  Field Cannot Be Empty and Status Code : 500 [39m
 [35mhttp[39m: [35mPOST /api/auth/register 500 160 - 84.907 ms[39m
[35m[39m
 [35mhttp[39m: [35mOPTIONS /api/auth/register 204 0 - 0.227 ms[39m
[35m[39m
 [35mhttp[39m: [35mPOST /api/auth/register 201 124 - 85.625 ms[39m
[35m[39m
 [35mhttp[39m: [35mOPTIONS /api/auth/register 204 0 - 0.222 ms[39m
[35m[39m
 [31merror[39m: [31mError Message : subham or shubhamrajjoshi69@gmail.com You Entered Is Already Registered and Status Code : 401 [39m
 [35mhttp[39m: [35mPOST /api/auth/register 401 119 - 7.408 ms[39m
[35m[39m
 [35mhttp[39m: [35mOPTIONS /api/auth/register 204 0 - 0.175 ms[39m
[35m[39m
 [35mhttp[39m: [35mPOST /api/auth/register 201 124 - 122.632 ms[39m
[35m[39m
 [35mhttp[39m: [35mOPTIONS /api/auth/register 204 0 - 0.183 ms[39m
[35m[39m
 [35mhttp[39m: [35mPOST /api/auth/register 201 124 - 88.242 ms[39m
[35m[39m
 [35mhttp[39m: [35mOPTIONS /api/auth/register 204 0 - 0.138 ms[39m
[35m[39m
 [35mhttp[39m: [35mPOST /api/auth/register 201 123 - 75.622 ms[39m
[35m[39m
 [35mhttp[39m: [35mOPTIONS /api/auth/register 204 0 - 0.116 ms[39m
[35m[39m
 [31merror[39m: [31mError Message : radom or suab@gmail.com You Entered Is Already Registered and Status Code : 401 [39m
 [35mhttp[39m: [35mPOST /api/auth/register 401 105 - 6.501 ms[39m
[35m[39m
 [35mhttp[39m: [35mOPTIONS /api/auth/register 204 0 - 0.263 ms[39m
[35m[39m
 [35mhttp[39m: [35mPOST /api/auth/register 201 124 - 83.239 ms[39m
[35m[39m
 [35mhttp[39m: [35mOPTIONS /api/auth/register 204 0 - 0.113 ms[39m
[35m[39m
 [31merror[39m: [31mError Message : User validation failed: username: Full Name Field Cannot Be Empty, email: Email  Field Cannot Be Empty and Status Code : 500 [39m
 [35mhttp[39m: [35mPOST /api/auth/register 500 160 - 82.673 ms[39m
[35m[39m
 [35mhttp[39m: [35mOPTIONS /api/auth/register 204 0 - 0.207 ms[39m
[35m[39m
 [35mhttp[39m: [35mPOST /api/auth/register 201 122 - 74.729 ms[39m
[35m[39m
 [35mhttp[39m: [35mInitialized db connection[39m
 [35mhttp[39m: [35mServer running on port 5001...[39m
 [35mhttp[39m: [35mInitialized db connection[39m
 [35mhttp[39m: [35mOPTIONS /api/auth/register 204 0 - 2.678 ms[39m
[35m[39m
 [35mhttp[39m: [35mPOST /api/auth/register 201 124 - 184.199 ms[39m
[35m[39m
 [35mhttp[39m: [35mOPTIONS /api/auth/register 204 0 - 0.210 ms[39m
[35m[39m
 [31merror[39m: [31mError Message : subham or subhamrajjoh@gmail.com You Entered Is Already Registered and Status Code : 401 [39m
 [35mhttp[39m: [35mPOST /api/auth/register 401 114 - 20.008 ms[39m
[35m[39m
 [35mhttp[39m: [35mOPTIONS /api/auth/register 204 0 - 0.332 ms[39m
[35m[39m
 [35mhttp[39m: [35mPOST /api/auth/register 201 127 - 119.500 ms[39m
[35m[39m
 [35mhttp[39m: [35mInitialized db connection[39m
 [35mhttp[39m: [35mServer running on port 5001...[39m
 [35mhttp[39m: [35mInitialized db connection[39m
 [35mhttp[39m: [35mInitialized db connection[39m
 [35mhttp[39m: [35mServer running on port 5001...[39m
 [35mhttp[39m: [35mInitialized db connection[39m
 [35mhttp[39m: [35mInitialized db connection[39m
 [35mhttp[39m: [35mServer running on port 5001...[39m
 [35mhttp[39m: [35mInitialized db connection[39m
 [35mhttp[39m: [35mInitialized db connection[39m
 [35mhttp[39m: [35mServer running on port 5001...[39m
 [35mhttp[39m: [35mInitialized db connection[39m
 [35mhttp[39m: [35mInitialized db connection[39m
 [35mhttp[39m: [35mServer running on port 5001...[39m
 [35mhttp[39m: [35mInitialized db connection[39m
 [35mhttp[39m: [35mInitialized db connection[39m
 [35mhttp[39m: [35mServer running on port 5001...[39m
 [35mhttp[39m: [35mInitialized db connection[39m
 [35mhttp[39m: [35mPOST /api/auth/register 201 125 - 150.725 ms[39m
[35m[39m
 [35mhttp[39m: [35mInitialized db connection[39m
 [35mhttp[39m: [35mServer running on port 5001...[39m
 [35mhttp[39m: [35mInitialized db connection[39m
 [35mhttp[39m: [35mInitialized db connection[39m
 [35mhttp[39m: [35mServer running on port 5001...[39m
 [35mhttp[39m: [35mInitialized db connection[39m
 [35mhttp[39m: [35mInitialized db connection[39m
 [35mhttp[39m: [35mServer running on port 5001...[39m
 [35mhttp[39m: [35mInitialized db connection[39m
 [35mhttp[39m: [35mInitialized db connection[39m
 [35mhttp[39m: [35mServer running on port 5001...[39m
 [35mhttp[39m: [35mInitialized db connection[39m
 [35mhttp[39m: [35mInitialized db connection[39m
 [35mhttp[39m: [35mServer running on port 5001...[39m
 [35mhttp[39m: [35mInitialized db connection[39m
 [35mhttp[39m: [35mPOST /api/auth/login - - - - ms[39m
[35m[39m
 [35mhttp[39m: [35mInitialized db connection[39m
 [35mhttp[39m: [35mServer running on port 5001...[39m
 [35mhttp[39m: [35mInitialized db connection[39m
 [35mhttp[39m: [35mInitialized db connection[39m
 [35mhttp[39m: [35mServer running on port 5001...[39m
 [35mhttp[39m: [35mInitialized db connection[39m
 [35mhttp[39m: [35mInitialized db connection[39m
 [35mhttp[39m: [35mServer running on port 5001...[39m
 [35mhttp[39m: [35mInitialized db connection[39m
 [35mhttp[39m: [35mInitialized db connection[39m
 [35mhttp[39m: [35mServer running on port 5001...[39m
 [35mhttp[39m: [35mInitialized db connection[39m
 [35mhttp[39m: [35mInitialized db connection[39m
 [35mhttp[39m: [35mServer running on port 5001...[39m
 [35mhttp[39m: [35mInitialized db connection[39m
 [35mhttp[39m: [35mInitialized db connection[39m
 [35mhttp[39m: [35mServer running on port 5001...[39m
 [35mhttp[39m: [35mInitialized db connection[39m
 [35mhttp[39m: [35mInitialized db connection[39m
 [35mhttp[39m: [35mServer running on port 5001...[39m
 [35mhttp[39m: [35mInitialized db connection[39m
 [35mhttp[39m: [35mInitialized db connection[39m
 [35mhttp[39m: [35mServer running on port 5001...[39m
 [35mhttp[39m: [35mInitialized db connection[39m
 [35mhttp[39m: [35mInitialized db connection[39m
 [35mhttp[39m: [35mServer running on port 5001...[39m
 [35mhttp[39m: [35mInitialized db connection[39m
 [35mhttp[39m: [35mInitialized db connection[39m
 [35mhttp[39m: [35mServer running on port 5001...[39m
 [35mhttp[39m: [35mInitialized db connection[39m
 [35mhttp[39m: [35mInitialized db connection[39m
 [35mhttp[39m: [35mServer running on port 5001...[39m
 [35mhttp[39m: [35mInitialized db connection[39m
 [35mhttp[39m: [35mPOST /api/auth/login - - - - ms[39m
[35m[39m
 [35mhttp[39m: [35mInitialized db connection[39m
 [35mhttp[39m: [35mServer running on port 5001...[39m
 [35mhttp[39m: [35mInitialized db connection[39m
 [35mhttp[39m: [35mInitialized db connection[39m
 [35mhttp[39m: [35mServer running on port 5001...[39m
 [35mhttp[39m: [35mInitialized db connection[39m
 [35mhttp[39m: [35mInitialized db connection[39m
 [35mhttp[39m: [35mServer running on port 5001...[39m
 [35mhttp[39m: [35mInitialized db connection[39m
 [35mhttp[39m: [35mInitialized db connection[39m
 [35mhttp[39m: [35mServer running on port 5001...[39m
 [35mhttp[39m: [35mInitialized db connection[39m
 [35mhttp[39m: [35mPOST /api/auth/login 201 452 - 20.203 ms[39m
[35m[39m
 [35mhttp[39m: [35mInitialized db connection[39m
 [35mhttp[39m: [35mServer running on port 5001...[39m
 [35mhttp[39m: [35mInitialized db connection[39m
 [35mhttp[39m: [35mInitialized db connection[39m
 [35mhttp[39m: [35mServer running on port 5001...[39m
 [35mhttp[39m: [35mInitialized db connection[39m
 [35mhttp[39m: [35mInitialized db connection[39m
 [35mhttp[39m: [35mServer running on port 5001...[39m
 [35mhttp[39m: [35mInitialized db connection[39m
 [35mhttp[39m: [35mInitialized db connection[39m
 [35mhttp[39m: [35mServer running on port 5001...[39m
 [35mhttp[39m: [35mInitialized db connection[39m
 [35mhttp[39m: [35mInitialized db connection[39m
 [35mhttp[39m: [35mServer running on port 5001...[39m
 [35mhttp[39m: [35mInitialized db connection[39m
 [35mhttp[39m: [35mInitialized db connection[39m
 [35mhttp[39m: [35mServer running on port 5001...[39m
 [35mhttp[39m: [35mInitialized db connection[39m
 [35mhttp[39m: [35mInitialized db connection[39m
 [35mhttp[39m: [35mServer running on port 5001...[39m
 [35mhttp[39m: [35mInitialized db connection[39m
 [35mhttp[39m: [35mInitialized db connection[39m
 [35mhttp[39m: [35mServer running on port 5001...[39m
 [35mhttp[39m: [35mInitialized db connection[39m
 [35mhttp[39m: [35mInitialized db connection[39m
 [35mhttp[39m: [35mServer running on port 5001...[39m
 [35mhttp[39m: [35mInitialized db connection[39m
 [35mhttp[39m: [35mInitialized db connection[39m
 [35mhttp[39m: [35mServer running on port 5001...[39m
 [35mhttp[39m: [35mInitialized db connection[39m
 [35mhttp[39m: [35mInitialized db connection[39m
 [35mhttp[39m: [35mServer running on port 5001...[39m
 [35mhttp[39m: [35mInitialized db connection[39m
 [35mhttp[39m: [35mInitialized db connection[39m
 [35mhttp[39m: [35mServer running on port 5001...[39m
 [35mhttp[39m: [35mInitialized db connection[39m
 [35mhttp[39m: [35mInitialized db connection[39m
 [35mhttp[39m: [35mServer running on port 5001...[39m
 [35mhttp[39m: [35mInitialized db connection[39m
 [35mhttp[39m: [35mOPTIONS /api/auth/login 204 0 - 1.079 ms[39m
[35m[39m
 [35mhttp[39m: [35mPOST /api/auth/login 201 452 - 110.153 ms[39m
[35m[39m
 [35mhttp[39m: [35mOPTIONS /api/auth/login 204 0 - 0.367 ms[39m
[35m[39m
 [35mhttp[39m: [35mPOST /api/auth/login 201 452 - 117.102 ms[39m
[35m[39m
 [35mhttp[39m: [35mOPTIONS /api/auth/login 204 0 - 0.113 ms[39m
[35m[39m
 [35mhttp[39m: [35mPOST /api/auth/login 201 452 - 91.436 ms[39m
[35m[39m
 [35mhttp[39m: [35mOPTIONS /api/auth/login 204 0 - 0.190 ms[39m
[35m[39m
 [35mhttp[39m: [35mPOST /api/auth/login 201 452 - 101.552 ms[39m
[35m[39m
 [35mhttp[39m: [35mInitialized db connection[39m
 [35mhttp[39m: [35mServer running on port 5001...[39m
 [35mhttp[39m: [35mInitialized db connection[39m
 [35mhttp[39m: [35mOPTIONS /api/auth/login 204 0 - 1.298 ms[39m
[35m[39m
 [35mhttp[39m: [35mPOST /api/auth/login 201 492 - 171.560 ms[39m
[35m[39m
 [35mhttp[39m: [35mOPTIONS /api/auth/login 204 0 - 0.301 ms[39m
[35m[39m
 [35mhttp[39m: [35mPOST /api/auth/login 201 492 - 76.546 ms[39m
[35m[39m
 [35mhttp[39m: [35mOPTIONS /api/auth/forget-password 204 0 - 0.913 ms[39m
[35m[39m
 [31merror[39m: [31mError Message : Cannot find /api/auth/forget-password and Status Code : 404 [39m
 [35mhttp[39m: [35mPOST /api/auth/forget-password 404 85 - 1.975 ms[39m
[35m[39m
 [35mhttp[39m: [35mInitialized db connection[39m
 [35mhttp[39m: [35mServer running on port 5001...[39m
 [35mhttp[39m: [35mInitialized db connection[39m
 [35mhttp[39m: [35mOPTIONS /api/auth/forget-password 204 0 - 1.006 ms[39m
[35m[39m
 [31merror[39m: [31mError Message : Email Does Not Exists,  Please Enter A valid Email and Status Code : 401 [39m
 [35mhttp[39m: [35mPOST /api/auth/forget-password 401 98 - 11.757 ms[39m
[35m[39m
 [35mhttp[39m: [35mOPTIONS /api/auth/forget-password 204 0 - 0.117 ms[39m
[35m[39m
 [32minfo[39m: [32m{[39m
[32m  accepted: [ 'shubhamrajjoshi69@gmail.com' ],[39m
[32m  rejected: [],[39m
[32m  ehlo: [[39m
[32m    'SIZE 35882577',[39m
[32m    '8BITMIME',[39m
[32m    'AUTH LOGIN PLAIN XOAUTH2 PLAIN-CLIENTTOKEN OAUTHBEARER XOAUTH',[39m
[32m    'ENHANCEDSTATUSCODES',[39m
[32m    'PIPELINING',[39m
[32m    'CHUNKING',[39m
[32m    'SMTPUTF8'[39m
[32m  ],[39m
[32m  envelopeTime: 960,[39m
[32m  messageTime: 873,[39m
[32m  messageSize: 1769,[39m
[32m  response: '250 2.0.0 OK  1719637304 d9443c01a7336-1fac10c8b1dsm23957295ad.42 - gsmtp',[39m
[32m  envelope: {[39m
[32m    from: 'shubhamrajjoshi69@gmail.com',[39m
[32m    to: [ 'shubhamrajjoshi69@gmail.com' ][39m
[32m  },[39m
[32m  messageId: '<d28a82df-4f33-83cd-8435-f9db0780e457@gmail.com>'[39m
[32m}[39m
 [35mhttp[39m: [35mPOST /api/auth/forget-password 201 50 - 3258.097 ms[39m
[35m[39m
 [35mhttp[39m: [35mInitialized db connection[39m
 [35mhttp[39m: [35mServer running on port 5001...[39m
 [35mhttp[39m: [35mInitialized db connection[39m
 [35mhttp[39m: [35mOPTIONS /api/auth/forget-password 204 0 - 1.777 ms[39m
[35m[39m
 [32minfo[39m: [32m{[39m
[32m  accepted: [ 'shubhamrajjoshi69@gmail.com' ],[39m
[32m  rejected: [],[39m
[32m  ehlo: [[39m
[32m    'SIZE 35882577',[39m
[32m    '8BITMIME',[39m
[32m    'AUTH LOGIN PLAIN XOAUTH2 PLAIN-CLIENTTOKEN OAUTHBEARER XOAUTH',[39m
[32m    'ENHANCEDSTATUSCODES',[39m
[32m    'PIPELINING',[39m
[32m    'CHUNKING',[39m
[32m    'SMTPUTF8'[39m
[32m  ],[39m
[32m  envelopeTime: 957,[39m
[32m  messageTime: 858,[39m
[32m  messageSize: 1769,[39m
[32m  response: '250 2.0.0 OK  1719637495 41be03b00d2f7-72c6b0adfb1sm1690966a12.44 - gsmtp',[39m
[32m  envelope: {[39m
[32m    from: 'shubhamrajjoshi69@gmail.com',[39m
[32m    to: [ 'shubhamrajjoshi69@gmail.com' ][39m
[32m  },[39m
[32m  messageId: '<09c8b8c0-fbe3-adb9-6d3a-1e24e727163a@gmail.com>'[39m
[32m}[39m
 [35mhttp[39m: [35mPOST /api/auth/forget-password 201 50 - 3092.558 ms[39m
[35m[39m
 [35mhttp[39m: [35mOPTIONS /api/auth/forget-password 204 0 - 0.148 ms[39m
[35m[39m
 [32minfo[39m: [32m{[39m
[32m  accepted: [ 'shubhamrajjoshi69@gmail.com' ],[39m
[32m  rejected: [],[39m
[32m  ehlo: [[39m
[32m    'SIZE 35882577',[39m
[32m    '8BITMIME',[39m
[32m    'AUTH LOGIN PLAIN XOAUTH2 PLAIN-CLIENTTOKEN OAUTHBEARER XOAUTH',[39m
[32m    'ENHANCEDSTATUSCODES',[39m
[32m    'PIPELINING',[39m
[32m    'CHUNKING',[39m
[32m    'SMTPUTF8'[39m
[32m  ],[39m
[32m  envelopeTime: 921,[39m
[32m  messageTime: 797,[39m
[32m  messageSize: 1769,[39m
[32m  response: '250 2.0.0 OK  1719637544 d9443c01a7336-1fac1535b1esm23996185ad.140 - gsmtp',[39m
[32m  envelope: {[39m
[32m    from: 'shubhamrajjoshi69@gmail.com',[39m
[32m    to: [ 'shubhamrajjoshi69@gmail.com' ][39m
[32m  },[39m
[32m  messageId: '<e52a1a55-ac09-edb1-cf44-637b7a235824@gmail.com>'[39m
[32m}[39m
 [35mhttp[39m: [35mPOST /api/auth/forget-password 201 50 - 2889.409 ms[39m
[35m[39m
 [35mhttp[39m: [35mOPTIONS /api/auth/forget-password 204 0 - 0.161 ms[39m
[35m[39m
 [32minfo[39m: [32m{[39m
[32m  accepted: [ 'shubhamrajjoshi69@gmail.com' ],[39m
[32m  rejected: [],[39m
[32m  ehlo: [[39m
[32m    'SIZE 35882577',[39m
[32m    '8BITMIME',[39m
[32m    'AUTH LOGIN PLAIN XOAUTH2 PLAIN-CLIENTTOKEN OAUTHBEARER XOAUTH',[39m
[32m    'ENHANCEDSTATUSCODES',[39m
[32m    'PIPELINING',[39m
[32m    'CHUNKING',[39m
[32m    'SMTPUTF8'[39m
[32m  ],[39m
[32m  envelopeTime: 899,[39m
[32m  messageTime: 828,[39m
[32m  messageSize: 1769,[39m
[32m  response: '250 2.0.0 OK  1719637562 98e67ed59e1d1-2c91ce74143sm2507043a91.27 - gsmtp',[39m
[32m  envelope: {[39m
[32m    from: 'shubhamrajjoshi69@gmail.com',[39m
[32m    to: [ 'shubhamrajjoshi69@gmail.com' ][39m
[32m  },[39m
[32m  messageId: '<6e0c2270-bf81-0c27-4946-18b90c567b15@gmail.com>'[39m
[32m}[39m
 [35mhttp[39m: [35mPOST /api/auth/forget-password 201 50 - 5124.777 ms[39m
[35m[39m
 [35mhttp[39m: [35mInitialized db connection[39m
 [35mhttp[39m: [35mServer running on port 5001...[39m
 [35mhttp[39m: [35mInitialized db connection[39m
 [35mhttp[39m: [35mOPTIONS /api/auth/forget-password 204 0 - 1.186 ms[39m
[35m[39m
 [32minfo[39m: [32m{[39m
[32m  accepted: [ 'shubhamrajjoshi69@gmail.com' ],[39m
[32m  rejected: [],[39m
[32m  ehlo: [[39m
[32m    'SIZE 35882577',[39m
[32m    '8BITMIME',[39m
[32m    'AUTH LOGIN PLAIN XOAUTH2 PLAIN-CLIENTTOKEN OAUTHBEARER XOAUTH',[39m
[32m    'ENHANCEDSTATUSCODES',[39m
[32m    'PIPELINING',[39m
[32m    'CHUNKING',[39m
[32m    'SMTPUTF8'[39m
[32m  ],[39m
[32m  envelopeTime: 893,[39m
[32m  messageTime: 782,[39m
[32m  messageSize: 1769,[39m
[32m  response: '250 2.0.0 OK  1719637621 d9443c01a7336-1fac1598cfbsm23963925ad.250 - gsmtp',[39m
[32m  envelope: {[39m
[32m    from: 'shubhamrajjoshi69@gmail.com',[39m
[32m    to: [ 'shubhamrajjoshi69@gmail.com' ][39m
[32m  },[39m
[32m  messageId: '<c3b0c3d9-a228-827f-f491-4ec7b14e00a2@gmail.com>'[39m
[32m}[39m
 [35mhttp[39m: [35mPOST /api/auth/forget-password 201 163 - 2864.401 ms[39m
[35m[39m
 [35mhttp[39m: [35mInitialized db connection[39m
 [35mhttp[39m: [35mServer running on port 5001...[39m
 [35mhttp[39m: [35mInitialized db connection[39m
 [35mhttp[39m: [35mOPTIONS /api/auth/forget-password 204 0 - 1.267 ms[39m
[35m[39m
 [32minfo[39m: [32m{[39m
[32m  accepted: [ 'shubhamrajjoshi69@gmail.com' ],[39m
[32m  rejected: [],[39m
[32m  ehlo: [[39m
[32m    'SIZE 35882577',[39m
[32m    '8BITMIME',[39m
[32m    'AUTH LOGIN PLAIN XOAUTH2 PLAIN-CLIENTTOKEN OAUTHBEARER XOAUTH',[39m
[32m    'ENHANCEDSTATUSCODES',[39m
[32m    'PIPELINING',[39m
[32m    'CHUNKING',[39m
[32m    'SMTPUTF8'[39m
[32m  ],[39m
[32m  envelopeTime: 917,[39m
[32m  messageTime: 844,[39m
[32m  messageSize: 1769,[39m
[32m  response: '250 2.0.0 OK  1719637642 d9443c01a7336-1fac15788casm23923545ad.219 - gsmtp',[39m
[32m  envelope: {[39m
[32m    from: 'shubhamrajjoshi69@gmail.com',[39m
[32m    to: [ 'shubhamrajjoshi69@gmail.com' ][39m
[32m  },[39m
[32m  messageId: '<e3febb98-871d-1cd4-6eaa-6f841ae6ae8d@gmail.com>'[39m
[32m}[39m
 [35mhttp[39m: [35mPOST /api/auth/forget-password 201 181 - 2963.908 ms[39m
[35m[39m
 [35mhttp[39m: [35mOPTIONS /api/auth/forget-password 204 0 - 0.244 ms[39m
[35m[39m
 [32minfo[39m: [32m{[39m
[32m  accepted: [ 'shubhamrajjoshi69@gmail.com' ],[39m
[32m  rejected: [],[39m
[32m  ehlo: [[39m
[32m    'SIZE 35882577',[39m
[32m    '8BITMIME',[39m
[32m    'AUTH LOGIN PLAIN XOAUTH2 PLAIN-CLIENTTOKEN OAUTHBEARER XOAUTH',[39m
[32m    'ENHANCEDSTATUSCODES',[39m
[32m    'PIPELINING',[39m
[32m    'CHUNKING',[39m
[32m    'SMTPUTF8'[39m
[32m  ],[39m
[32m  envelopeTime: 863,[39m
[32m  messageTime: 793,[39m
[32m  messageSize: 1769,[39m
[32m  response: '250 2.0.0 OK  1719638089 d9443c01a7336-1fad2d6dc43sm13679475ad.126 - gsmtp',[39m
[32m  envelope: {[39m
[32m    from: 'shubhamrajjoshi69@gmail.com',[39m
[32m    to: [ 'shubhamrajjoshi69@gmail.com' ][39m
[32m  },[39m
[32m  messageId: '<e7b95436-0f2a-8072-f689-6ea299837f53@gmail.com>'[39m
[32m}[39m
 [35mhttp[39m: [35mPOST /api/auth/forget-password 201 181 - 3522.518 ms[39m
[35m[39m
 [35mhttp[39m: [35mOPTIONS /api/auth/check-reset-link/667f73b401e3e278a4cafe5b/bRJnS9MSkILnSIVkfF12q81BEcxhNnT5 204 0 - 0.212 ms[39m
[35m[39m
 [35mhttp[39m: [35mOPTIONS /api/auth/check-reset-link/667f73b401e3e278a4cafe5b/bRJnS9MSkILnSIVkfF12q81BEcxhNnT5 204 0 - 0.226 ms[39m
[35m[39m
 [35mhttp[39m: [35mGET /api/auth/check-reset-link/667f73b401e3e278a4cafe5b/bRJnS9MSkILnSIVkfF12q81BEcxhNnT5 201 106 - 8.412 ms[39m
[35m[39m
 [35mhttp[39m: [35mGET /api/auth/check-reset-link/667f73b401e3e278a4cafe5b/bRJnS9MSkILnSIVkfF12q81BEcxhNnT5 201 106 - 5.117 ms[39m
[35m[39m
 [35mhttp[39m: [35mGET /api/auth/check-reset-link/667f73b401e3e278a4cafe5b/bRJnS9MSkILnSIVkfF12q81BEcxhNnT5 201 106 - 3.600 ms[39m
[35m[39m
 [35mhttp[39m: [35mGET /api/auth/check-reset-link/667f73b401e3e278a4cafe5b/bRJnS9MSkILnSIVkfF12q81BEcxhNnT5 201 106 - 3.514 ms[39m
[35m[39m
 [35mhttp[39m: [35mOPTIONS /api/auth/check-reset-link/667f73b401e3e278a4cafe5b/bRJnS9MSkILnSIVkfF12q81BEcxhNnT5 204 0 - 0.650 ms[39m
[35m[39m
 [35mhttp[39m: [35mOPTIONS /api/auth/check-reset-link/667f73b401e3e278a4cafe5b/bRJnS9MSkILnSIVkfF12q81BEcxhNnT5 204 0 - 0.236 ms[39m
[35m[39m
 [35mhttp[39m: [35mGET /api/auth/check-reset-link/667f73b401e3e278a4cafe5b/bRJnS9MSkILnSIVkfF12q81BEcxhNnT5 201 106 - 5.500 ms[39m
[35m[39m
 [35mhttp[39m: [35mGET /api/auth/check-reset-link/667f73b401e3e278a4cafe5b/bRJnS9MSkILnSIVkfF12q81BEcxhNnT5 201 106 - 5.240 ms[39m
[35m[39m
 [35mhttp[39m: [35mOPTIONS /api/auth/check-reset-link/667f73b401e3e278a4cafe5b/bRJnS9MSkILnSIVkfF12q81BEcxhNnT5 204 0 - 0.237 ms[39m
[35m[39m
 [35mhttp[39m: [35mGET /api/auth/check-reset-link/667f73b401e3e278a4cafe5b/bRJnS9MSkILnSIVkfF12q81BEcxhNnT5 201 106 - 4.599 ms[39m
[35m[39m
 [35mhttp[39m: [35mInitialized db connection[39m
 [35mhttp[39m: [35mServer running on port 5001...[39m
 [35mhttp[39m: [35mInitialized db connection[39m
 [35mhttp[39m: [35mOPTIONS /api/auth/check-reset-link/667f73b401e3e278a4cafe5b/bRJnS9MSkILnSIVkfF12q81BEcxhNnT5 204 0 - 1.143 ms[39m
[35m[39m
 [35mhttp[39m: [35mGET /api/auth/check-reset-link/667f73b401e3e278a4cafe5b/bRJnS9MSkILnSIVkfF12q81BEcxhNnT5 201 106 - 13.341 ms[39m
[35m[39m
 [35mhttp[39m: [35mGET /api/auth/check-reset-link/667f73b401e3e278a4cafe5b/bRJnS9MSkILnSIVkfF12q81BEcxhNnT5 201 106 - 4.064 ms[39m
[35m[39m
 [35mhttp[39m: [35mOPTIONS /api/auth/check-reset-link/667f73b401e3e278a4cafe5b/bRJnS9MSkILnSIVkfF12q81BEcxhNnT5 204 0 - 0.159 ms[39m
[35m[39m
 [35mhttp[39m: [35mGET /api/auth/check-reset-link/667f73b401e3e278a4cafe5b/bRJnS9MSkILnSIVkfF12q81BEcxhNnT5 201 106 - 3.134 ms[39m
[35m[39m
 [35mhttp[39m: [35mOPTIONS /api/auth/forget-password 204 0 - 0.306 ms[39m
[35m[39m
 [32minfo[39m: [32m{[39m
[32m  accepted: [ 'shubhamrajjoshi69@gmail.com' ],[39m
[32m  rejected: [],[39m
[32m  ehlo: [[39m
[32m    'SIZE 35882577',[39m
[32m    '8BITMIME',[39m
[32m    'AUTH LOGIN PLAIN XOAUTH2 PLAIN-CLIENTTOKEN OAUTHBEARER XOAUTH',[39m
[32m    'ENHANCEDSTATUSCODES',[39m
[32m    'PIPELINING',[39m
[32m    'CHUNKING',[39m
[32m    'SMTPUTF8'[39m
[32m  ],[39m
[32m  envelopeTime: 865,[39m
[32m  messageTime: 793,[39m
[32m  messageSize: 1769,[39m
[32m  response: '250 2.0.0 OK  1719638444 41be03b00d2f7-72c6d102b65sm2002676a12.77 - gsmtp',[39m
[32m  envelope: {[39m
[32m    from: 'shubhamrajjoshi69@gmail.com',[39m
[32m    to: [ 'shubhamrajjoshi69@gmail.com' ][39m
[32m  },[39m
[32m  messageId: '<ccf4b548-0cf7-e381-93ee-8784e4a2db5b@gmail.com>'[39m
[32m}[39m
 [35mhttp[39m: [35mPOST /api/auth/forget-password 201 181 - 3656.533 ms[39m
[35m[39m
 [35mhttp[39m: [35mOPTIONS /api/auth/check-reset-link/667f73b401e3e278a4cafe5b/bRJnS9MSkILnSIVkfF12q81BEcxhNnT5 204 0 - 0.240 ms[39m
[35m[39m
 [35mhttp[39m: [35mOPTIONS /api/auth/check-reset-link/667f73b401e3e278a4cafe5b/bRJnS9MSkILnSIVkfF12q81BEcxhNnT5 204 0 - 0.274 ms[39m
[35m[39m
 [35mhttp[39m: [35mGET /api/auth/check-reset-link/667f73b401e3e278a4cafe5b/bRJnS9MSkILnSIVkfF12q81BEcxhNnT5 201 106 - 7.318 ms[39m
[35m[39m
 [35mhttp[39m: [35mGET /api/auth/check-reset-link/667f73b401e3e278a4cafe5b/bRJnS9MSkILnSIVkfF12q81BEcxhNnT5 201 106 - 3.876 ms[39m
[35m[39m
 [35mhttp[39m: [35mOPTIONS /api/auth/reset-password/667f73b401e3e278a4cafe5b 204 0 - 0.157 ms[39m
[35m[39m
 [31merror[39m: [31mError Message : The Password Match With Your Old Password, Please Enter Strong Password and Status Code : 401 [39m
 [35mhttp[39m: [35mPOST /api/auth/reset-password/667f73b401e3e278a4cafe5b 401 119 - 85.348 ms[39m
[35m[39m
 [35mhttp[39m: [35mOPTIONS /api/auth/reset-password/667f73b401e3e278a4cafe5b 204 0 - 0.124 ms[39m
[35m[39m
 [31merror[39m: [31mError Message : Too weak, Please Enter A Strong Password and Status Code : 401 [39m
 [35mhttp[39m: [35mPOST /api/auth/reset-password/667f73b401e3e278a4cafe5b 401 88 - 74.327 ms[39m
[35m[39m
 [35mhttp[39m: [35mInitialized db connection[39m
 [35mhttp[39m: [35mServer running on port 5001...[39m
 [35mhttp[39m: [35mInitialized db connection[39m
 [35mhttp[39m: [35mOPTIONS /api/auth/reset-password/667f73b401e3e278a4cafe5b 204 0 - 1.206 ms[39m
[35m[39m
 [35mhttp[39m: [35mPOST /api/auth/reset-password/667f73b401e3e278a4cafe5b 201 116 - 179.858 ms[39m
[35m[39m
 [35mhttp[39m: [35mOPTIONS /api/auth/login 204 0 - 0.219 ms[39m
[35m[39m
 [35mhttp[39m: [35mPOST /api/auth/login 201 492 - 102.160 ms[39m
[35m[39m
 [35mhttp[39m: [35mOPTIONS /api/auth/check-reset-link/667f73b401e3e278a4cafe5b/bRJnS9MSkILnSIVkfF12q81BEcxhNnT5 204 0 - 0.350 ms[39m
[35m[39m
 [35mhttp[39m: [35mOPTIONS /api/auth/check-reset-link/667f73b401e3e278a4cafe5b/bRJnS9MSkILnSIVkfF12q81BEcxhNnT5 204 0 - 0.159 ms[39m
[35m[39m
 [35mhttp[39m: [35mGET /api/auth/check-reset-link/667f73b401e3e278a4cafe5b/bRJnS9MSkILnSIVkfF12q81BEcxhNnT5 201 106 - 8.146 ms[39m
[35m[39m
 [35mhttp[39m: [35mGET /api/auth/check-reset-link/667f73b401e3e278a4cafe5b/bRJnS9MSkILnSIVkfF12q81BEcxhNnT5 201 106 - 3.020 ms[39m
[35m[39m
 [35mhttp[39m: [35mInitialized db connection[39m
 [35mhttp[39m: [35mServer running on port 5001...[39m
 [35mhttp[39m: [35mInitialized db connection[39m
<<<<<<<<< Temporary merge branch 1
 [35mhttp[39m: [35mOPTIONS /api/auth/register 204 0 - 18.568 ms[39m
[35m[39m
 [35mhttp[39m: [35mGET /api/auth/login-google 201 641 - 1689.839 ms[39m
[35m[39m
 [31merror[39m: [31mError Message : jwt expired and Status Code : 500 [39m
 [35mhttp[39m: [35mDELETE /api/blog/6686c2a1ac5218335143a542 500 71 - 4.618 ms[39m
[35m[39m
 [35mhttp[39m: [35mPOST /api/auth/login 201 465 - 148.054 ms[39m
[35m[39m
 [35mhttp[39m: [35mInitialized db connection[39m
 [35mhttp[39m: [35mServer running on port 5001...[39m
 [35mhttp[39m: [35mInitialized db connection[39m
 [35mhttp[39m: [35mPOST /api/auth/login 201 465 - 111.336 ms[39m
[35m[39m
 [35mhttp[39m: [35mDELETE /api/blog/6686ac130167ee7a82b5b032 201 119 - 46.960 ms[39m
[35m[39m
 [31merror[39m: [31mError Message : Blog Does not Exists and Status Code : 401 [39m
 [35mhttp[39m: [35mDELETE /api/blog/6686ac130167ee7a82b5b032 401 68 - 10.770 ms[39m
[35m[39m
 [35mhttp[39m: [35mInitialized db connection[39m
 [35mhttp[39m: [35mServer running on port 5001...[39m
 [35mhttp[39m: [35mInitialized db connection[39m
 [35mhttp[39m: [35mInitialized db connection[39m
 [35mhttp[39m: [35mServer running on port 5001...[39m
 [35mhttp[39m: [35mInitialized db connection[39m
 [35mhttp[39m: [35mInitialized db connection[39m
 [35mhttp[39m: [35mServer running on port 5001...[39m
 [35mhttp[39m: [35mInitialized db connection[39m
 [35mhttp[39m: [35mInitialized db connection[39m
 [35mhttp[39m: [35mServer running on port 5001...[39m
 [35mhttp[39m: [35mInitialized db connection[39m
 [35mhttp[39m: [35mInitialized db connection[39m
 [35mhttp[39m: [35mServer running on port 5001...[39m
 [35mhttp[39m: [35mInitialized db connection[39m
 [35mhttp[39m: [35mInitialized db connection[39m
 [35mhttp[39m: [35mServer running on port 5001...[39m
 [35mhttp[39m: [35mInitialized db connection[39m
 [31merror[39m: [31mError Message : Cannot find /api/user/profile/deactivate and Status Code : 404 [39m
 [35mhttp[39m: [35mPOST /api/user/profile/deactivate 404 88 - 8.886 ms[39m
[35m[39m
 [31merror[39m: [31mError Message : Cannot read properties of undefined (reading 'id') and Status Code : 500 [39m
 [35mhttp[39m: [35mDELETE /api/user/profile/deactivate 500 102 - 3.944 ms[39m
[35m[39m
 [31merror[39m: [31mError Message : Cannot read properties of undefined (reading 'id') and Status Code : 500 [39m
 [35mhttp[39m: [35mDELETE /api/user/profile/deactivate 500 102 - 2.255 ms[39m
[35m[39m
 [31merror[39m: [31mError Message : Cannot read properties of undefined (reading 'id') and Status Code : 500 [39m
 [35mhttp[39m: [35mDELETE /api/user/profile/deactivate 500 102 - 1.759 ms[39m
[35m[39m
 [31merror[39m: [31mError Message : Cannot read properties of undefined (reading 'id') and Status Code : 500 [39m
 [35mhttp[39m: [35mDELETE /api/user/profile/deactivate 500 102 - 1.689 ms[39m
[35m[39m
 [31merror[39m: [31mError Message : Cannot read properties of undefined (reading 'id') and Status Code : 500 [39m
 [35mhttp[39m: [35mDELETE /api/user/profile/deactivate 500 102 - 1.822 ms[39m
=========
 [31merror[39m: [31mError Message : User validation failed: email: Email  Field Cannot Be Empty and Status Code : 500 [39m
 [35mhttp[39m: [35mPOST /api/auth/register 500 117 - 211.062 ms[39m
[35m[39m
 [31merror[39m: [31mError Message : User validation failed: email: Email  Field Cannot Be Empty and Status Code : 500 [39m
 [35mhttp[39m: [35mPOST /api/auth/register 500 117 - 74.442 ms[39m
>>>>>>>>> Temporary merge branch 2
[35m[39m
 [35mhttp[39m: [35mInitialized db connection[39m
 [35mhttp[39m: [35mServer running on port 5001...[39m
 [35mhttp[39m: [35mInitialized db connection[39m
<<<<<<<<< Temporary merge branch 1
 [31merror[39m: [31mError Message : Cannot read properties of undefined (reading 'userId') and Status Code : 500 [39m
 [35mhttp[39m: [35mDELETE /api/user/profile/deactivate 500 106 - 7.446 ms[39m
[35m[39m
 [35mhttp[39m: [35mGET /api/blog 201 66 - 43.371 ms[39m
[35m[39m
 [35mhttp[39m: [35mInitialized db connection[39m
 [35mhttp[39m: [35mServer running on port 5001...[39m
 [35mhttp[39m: [35mInitialized db connection[39m
 [35mhttp[39m: [35mGET /api/blog 201 847 - 31.067 ms[39m
[35m[39m
 [35mhttp[39m: [35mInitialized db connection[39m
 [35mhttp[39m: [35mServer running on port 5001...[39m
 [35mhttp[39m: [35mInitialized db connection[39m
 [35mhttp[39m: [35mInitialized db connection[39m
 [35mhttp[39m: [35mServer running on port 5001...[39m
 [35mhttp[39m: [35mInitialized db connection[39m
 [35mhttp[39m: [35mInitialized db connection[39m
 [35mhttp[39m: [35mServer running on port 5001...[39m
 [35mhttp[39m: [35mInitialized db connection[39m
 [35mhttp[39m: [35mGET /api/blog 201 557 - 33.235 ms[39m
[35m[39m
 [35mhttp[39m: [35mInitialized db connection[39m
 [35mhttp[39m: [35mServer running on port 5001...[39m
 [35mhttp[39m: [35mInitialized db connection[39m
 [35mhttp[39m: [35mInitialized db connection[39m
 [35mhttp[39m: [35mServer running on port 5001...[39m
 [35mhttp[39m: [35mInitialized db connection[39m
 [35mhttp[39m: [35mInitialized db connection[39m
 [35mhttp[39m: [35mServer running on port 5001...[39m
 [35mhttp[39m: [35mInitialized db connection[39m
 [35mhttp[39m: [35mInitialized db connection[39m
 [35mhttp[39m: [35mServer running on port 5001...[39m
 [35mhttp[39m: [35mInitialized db connection[39m
 [35mhttp[39m: [35mInitialized db connection[39m
 [35mhttp[39m: [35mServer running on port 5001...[39m
 [35mhttp[39m: [35mInitialized db connection[39m
 [35mhttp[39m: [35mInitialized db connection[39m
 [35mhttp[39m: [35mServer running on port 5001...[39m
 [35mhttp[39m: [35mInitialized db connection[39m
 [35mhttp[39m: [35mInitialized db connection[39m
 [35mhttp[39m: [35mServer running on port 5001...[39m
 [35mhttp[39m: [35mInitialized db connection[39m
 [35mhttp[39m: [35mInitialized db connection[39m
 [35mhttp[39m: [35mServer running on port 5001...[39m
 [35mhttp[39m: [35mInitialized db connection[39m
 [35mhttp[39m: [35mInitialized db connection[39m
 [35mhttp[39m: [35mServer running on port 5001...[39m
 [35mhttp[39m: [35mInitialized db connection[39m
 [35mhttp[39m: [35mInitialized db connection[39m
 [35mhttp[39m: [35mServer running on port 5001...[39m
 [35mhttp[39m: [35mInitialized db connection[39m
 [35mhttp[39m: [35mInitialized db connection[39m
 [35mhttp[39m: [35mServer running on port 5001...[39m
 [35mhttp[39m: [35mInitialized db connection[39m
 [35mhttp[39m: [35mGET /api/blog/6686c6dd30fdb051b21d9d27 201 315 - 27.598 ms[39m
[35m[39m
 [35mhttp[39m: [35mInitialized db connection[39m
 [35mhttp[39m: [35mServer running on port 5001...[39m
 [35mhttp[39m: [35mInitialized db connection[39m
 [35mhttp[39m: [35mInitialized db connection[39m
 [35mhttp[39m: [35mServer running on port 5001...[39m
 [35mhttp[39m: [35mInitialized db connection[39m
 [35mhttp[39m: [35mInitialized db connection[39m
 [35mhttp[39m: [35mServer running on port 5001...[39m
 [35mhttp[39m: [35mInitialized db connection[39m
 [35mhttp[39m: [35mInitialized db connection[39m
 [35mhttp[39m: [35mServer running on port 5001...[39m
 [35mhttp[39m: [35mInitialized db connection[39m
 [35mhttp[39m: [35mInitialized db connection[39m
 [35mhttp[39m: [35mServer running on port 5001...[39m
 [35mhttp[39m: [35mInitialized db connection[39m
 [35mhttp[39m: [35mInitialized db connection[39m
 [35mhttp[39m: [35mServer running on port 5001...[39m
 [35mhttp[39m: [35mInitialized db connection[39m
 [35mhttp[39m: [35mDELETE /api/user/profile/deactivate 204 - - 36.868 ms[39m
=========
 [35mhttp[39m: [35mInitialized db connection[39m
 [35mhttp[39m: [35mServer running on port 5001...[39m
 [35mhttp[39m: [35mInitialized db connection[39m
 [31merror[39m: [31mError Message : User validation failed: email: Email  Field Cannot Be Empty and Status Code : 500 [39m
 [35mhttp[39m: [35mPOST /api/auth/register 500 117 - 93.447 ms[39m
[35m[39m
 [31merror[39m: [31mError Message : User validation failed: email: Email  Field Cannot Be Empty and Status Code : 500 [39m
 [35mhttp[39m: [35mPOST /api/auth/register 500 117 - 66.454 ms[39m
[35m[39m
 [35mhttp[39m: [35mOPTIONS /api/auth/register 204 0 - 0.617 ms[39m
[35m[39m
 [35mhttp[39m: [35mPOST /api/auth/register 201 123 - 99.239 ms[39m
[35m[39m
 [31merror[39m: [31mError Message : admin or undefined You Entered Is Already Registered and Status Code : 401 [39m
 [35mhttp[39m: [35mPOST /api/auth/register 401 100 - 25.304 ms[39m
[35m[39m
 [35mhttp[39m: [35mPOST /api/auth/login 201 477 - 86.279 ms[39m
[35m[39m
 [35mhttp[39m: [35mOPTIONS /api/auth/login 204 0 - 0.138 ms[39m
[35m[39m
 [35mhttp[39m: [35mPOST /api/auth/login 201 477 - 68.635 ms[39m
[35m[39m
 [31merror[39m: [31mError Message : Cannot find /user/profile and Status Code : 404 [39m
 [35mhttp[39m: [35mGET /user/profile 404 73 - 2.862 ms[39m
>>>>>>>>> Temporary merge branch 2
[35m[39m
 [35mhttp[39m: [35mInitialized db connection[39m
 [35mhttp[39m: [35mServer running on port 5001...[39m
 [35mhttp[39m: [35mInitialized db connection[39m
 [35mhttp[39m: [35mInitialized db connection[39m
 [35mhttp[39m: [35mServer running on port 5001...[39m
 [35mhttp[39m: [35mInitialized db connection[39m
 [35mhttp[39m: [35mDELETE /api/user/profile/deactivate 400 50 - 33.076 ms[39m
=========
 [31merror[39m: [31mError Message : Cannot find /user/profile and Status Code : 404 [39m
 [35mhttp[39m: [35mGET /user/profile 404 73 - 2.818 ms[39m
>>>>>>>>> Temporary merge branch 2
[35m[39m
 [35mhttp[39m: [35mInitialized db connection[39m
 [35mhttp[39m: [35mServer running on port 5001...[39m
 [35mhttp[39m: [35mInitialized db connection[39m
 [35mhttp[39m: [35mInitialized db connection[39m
 [35mhttp[39m: [35mServer running on port 5001...[39m
 [35mhttp[39m: [35mInitialized db connection[39m
<<<<<<<<< Temporary merge branch 1
 [35mhttp[39m: [35mInitialized db connection[39m
 [35mhttp[39m: [35mServer running on port 5001...[39m
 [35mhttp[39m: [35mInitialized db connection[39m
 [35mhttp[39m: [35mPOST /api/user/profile/reactivate 200 61 - 42.076 ms[39m
[35m[39m
 [35mhttp[39m: [35mDELETE /api/user/profile/deactivate 204 - - 16.247 ms[39m
=========
 [35mhttp[39m: [35mPOST /api/auth/login 201 477 - 88.355 ms[39m
>>>>>>>>> Temporary merge branch 2
[35m[39m
 [35mhttp[39m: [35mInitialized db connection[39m
 [35mhttp[39m: [35mServer running on port 5001...[39m
 [35mhttp[39m: [35mInitialized db connection[39m
 [35mhttp[39m: [35mInitialized db connection[39m
 [35mhttp[39m: [35mServer running on port 5001...[39m
 [35mhttp[39m: [35mInitialized db connection[39m
<<<<<<<<< Temporary merge branch 1
 [35mhttp[39m: [35mDELETE /api/user/profile/deactivate 400 50 - 32.758 ms[39m
[35m[39m
 [31merror[39m: [31mError Message : invalid token and Status Code : 500 [39m
 [35mhttp[39m: [35mPATCH /api/blog/6686c31eac5218335143a549 500 73 - 2.002 ms[39m
[35m[39m
 [31merror[39m: [31mError Message : There is nothing to Update and Status Code : 401 [39m
 [35mhttp[39m: [35mPATCH /api/blog/6686c31eac5218335143a549 401 74 - 16.880 ms[39m
[35m[39m
 [35mhttp[39m: [35mPATCH /api/blog/6686c31eac5218335143a549 201 102 - 18.721 ms[39m
[35m[39m
 [35mhttp[39m: [35mPOST /api/user/profile/reactivate 200 61 - 17.975 ms[39m
[35m[39m
 [35mhttp[39m: [35mPOST /api/user/profile/reactivate 400 45 - 8.252 ms[39m
[35m[39m
 [35mhttp[39m: [35mDELETE /api/user/profile/deactivate 204 - - 20.302 ms[39m
[35m[39m
=========
>>>>>>>>> Temporary merge branch 2
 [35mhttp[39m: [35mInitialized db connection[39m
 [35mhttp[39m: [35mServer running on port 5001...[39m
 [35mhttp[39m: [35mInitialized db connection[39m
 [35mhttp[39m: [35mInitialized db connection[39m
 [35mhttp[39m: [35mServer running on port 5001...[39m
 [35mhttp[39m: [35mInitialized db connection[39m
 [35mhttp[39m: [35mPATCH /api/blog/6686c31eac5218335143a549 201 118 - 32.113 ms[39m
[35m[39m
 [35mhttp[39m: [35mInitialized db connection[39m
 [35mhttp[39m: [35mServer running on port 5001...[39m
 [35mhttp[39m: [35mInitialized db connection[39m
 [35mhttp[39m: [35mInitialized db connection[39m
 [35mhttp[39m: [35mServer running on port 5001...[39m
 [35mhttp[39m: [35mInitialized db connection[39m
 [35mhttp[39m: [35mInitialized db connection[39m
 [35mhttp[39m: [35mServer running on port 5001...[39m
 [35mhttp[39m: [35mInitialized db connection[39m
 [35mhttp[39m: [35mInitialized db connection[39m
 [35mhttp[39m: [35mServer running on port 5001...[39m
 [35mhttp[39m: [35mInitialized db connection[39m
 [35mhttp[39m: [35mInitialized db connection[39m
 [35mhttp[39m: [35mServer running on port 5001...[39m
 [35mhttp[39m: [35mInitialized db connection[39m
 [35mhttp[39m: [35mInitialized db connection[39m
 [35mhttp[39m: [35mServer running on port 5001...[39m
 [35mhttp[39m: [35mInitialized db connection[39m
<<<<<<<<< Temporary merge branch 1
 [35mhttp[39m: [35mDELETE /api/user/profile/deactivate 400 50 - 28.079 ms[39m
[35m[39m
 [35mhttp[39m: [35mPOST /api/auth/login 201 465 - 111.322 ms[39m
[35m[39m
 [35mhttp[39m: [35mPATCH /api/blog/6686c31eac5218335143a549/vote?vote=upvote 201 112 - 41.178 ms[39m
[35m[39m
 [35mhttp[39m: [35mInitialized db connection[39m
 [35mhttp[39m: [35mServer running on port 5001...[39m
 [35mhttp[39m: [35mInitialized db connection[39m
 [35mhttp[39m: [35mPATCH /api/blog/6686c31eac5218335143a549/vote?vote=upvote 201 113 - 34.486 ms[39m
[35m[39m
 [35mhttp[39m: [35mInitialized db connection[39m
 [35mhttp[39m: [35mServer running on port 5001...[39m
 [35mhttp[39m: [35mInitialized db connection[39m
 [35mhttp[39m: [35mInitialized db connection[39m
 [35mhttp[39m: [35mServer running on port 5001...[39m
 [35mhttp[39m: [35mInitialized db connection[39m
 [35mhttp[39m: [35mPATCH /api/user/profile/updateusername 200 27 - 43.824 ms[39m
[35m[39m
=========
 [35mhttp[39m: [35mInitialized db connection[39m
 [35mhttp[39m: [35mServer running on port 5001...[39m
 [35mhttp[39m: [35mInitialized db connection[39m
 [35mhttp[39m: [35mInitialized db connection[39m
 [35mhttp[39m: [35mServer running on port 5001...[39m
 [35mhttp[39m: [35mInitialized db connection[39m
 [35mhttp[39m: [35mInitialized db connection[39m
 [35mhttp[39m: [35mServer running on port 5001...[39m
 [35mhttp[39m: [35mInitialized db connection[39m
>>>>>>>>> Temporary merge branch 2
 [35mhttp[39m: [35mInitialized db connection[39m
 [35mhttp[39m: [35mServer running on port 5001...[39m
 [35mhttp[39m: [35mInitialized db connection[39m
 [35mhttp[39m: [35mInitialized db connection[39m
 [35mhttp[39m: [35mServer running on port 5001...[39m
 [35mhttp[39m: [35mInitialized db connection[39m
 [35mhttp[39m: [35mInitialized db connection[39m
 [35mhttp[39m: [35mServer running on port 5001...[39m
 [35mhttp[39m: [35mInitialized db connection[39m
<<<<<<<<< Temporary merge branch 1
 [35mhttp[39m: [35mPATCH /api/user/profile/updateusername 200 39 - 46.019 ms[39m
[35m[39m
 [35mhttp[39m: [35mPOST /api/blog 201 123 - 3637.974 ms[39m
[35m[39m
 [35mhttp[39m: [35mInitialized db connection[39m
 [35mhttp[39m: [35mServer running on port 5001...[39m
 [35mhttp[39m: [35mInitialized db connection[39m
 [35mhttp[39m: [35mInitialized db connection[39m
 [35mhttp[39m: [35mServer running on port 5001...[39m
 [35mhttp[39m: [35mInitialized db connection[39m
 [35mhttp[39m: [35mInitialized db connection[39m
 [35mhttp[39m: [35mServer running on port 5001...[39m
 [35mhttp[39m: [35mInitialized db connection[39m
 [35mhttp[39m: [35mInitialized db connection[39m
 [35mhttp[39m: [35mServer running on port 5001...[39m
 [35mhttp[39m: [35mInitialized db connection[39m
<<<<<<<<< Temporary merge branch 1
 [31merror[39m: [31mError Message : The Password You Entered Is Incorrect and Status Code : 403 [39m
 [35mhttp[39m: [35mPOST /api/auth/login 403 85 - 123.435 ms[39m
[35m[39m
 [35mhttp[39m: [35mPOST /api/blog 201 125 - 28.067 ms[39m
[35m[39m
 [35mhttp[39m: [35mGET /api/blog 201 1041 - 20.322 ms[39m
[35m[39m
=========
 [35mhttp[39m: [35mInitialized db connection[39m
 [35mhttp[39m: [35mServer running on port 5001...[39m
 [35mhttp[39m: [35mInitialized db connection[39m
>>>>>>>>> Temporary merge branch 2
 [35mhttp[39m: [35mInitialized db connection[39m
 [35mhttp[39m: [35mServer running on port 5001...[39m
 [35mhttp[39m: [35mInitialized db connection[39m
 [35mhttp[39m: [35mInitialized db connection[39m
 [35mhttp[39m: [35mServer running on port 5001...[39m
 [35mhttp[39m: [35mInitialized db connection[39m
 [35mhttp[39m: [35mInitialized db connection[39m
 [35mhttp[39m: [35mServer running on port 5001...[39m
 [35mhttp[39m: [35mInitialized db connection[39m
 [35mhttp[39m: [35mInitialized db connection[39m
 [35mhttp[39m: [35mServer running on port 5001...[39m
 [35mhttp[39m: [35mInitialized db connection[39m
 [35mhttp[39m: [35mInitialized db connection[39m
 [35mhttp[39m: [35mServer running on port 5001...[39m
 [35mhttp[39m: [35mInitialized db connection[39m
 [35mhttp[39m: [35mInitialized db connection[39m
 [35mhttp[39m: [35mServer running on port 5001...[39m
 [35mhttp[39m: [35mInitialized db connection[39m
<<<<<<<<< Temporary merge branch 1
 [35mhttp[39m: [35mPOST /api/auth/login 201 451 - 200.868 ms[39m
[35m[39m
=========
>>>>>>>>> Temporary merge branch 2
 [35mhttp[39m: [35mInitialized db connection[39m
 [35mhttp[39m: [35mServer running on port 5001...[39m
 [35mhttp[39m: [35mInitialized db connection[39m
 [35mhttp[39m: [35mInitialized db connection[39m
 [35mhttp[39m: [35mServer running on port 5001...[39m
 [35mhttp[39m: [35mInitialized db connection[39m
<<<<<<<<< Temporary merge branch 1
 [35mhttp[39m: [35mPOST /api/auth/login 201 451 - 127.988 ms[39m
[35m[39m
=========
>>>>>>>>> Temporary merge branch 2
 [35mhttp[39m: [35mInitialized db connection[39m
 [35mhttp[39m: [35mServer running on port 5001...[39m
 [35mhttp[39m: [35mInitialized db connection[39m
 [35mhttp[39m: [35mInitialized db connection[39m
 [35mhttp[39m: [35mServer running on port 5001...[39m
 [35mhttp[39m: [35mInitialized db connection[39m
<<<<<<<<< Temporary merge branch 1
 [31merror[39m: [31mError Message : The Password You Entered Is Incorrect and Status Code : 403 [39m
 [35mhttp[39m: [35mPOST /api/auth/login 403 85 - 111.316 ms[39m
[35m[39m
 [35mhttp[39m: [35mPATCH /api/blog/6686c6dd30fdb051b21d9d27 201 117 - 11.247 ms[39m
[35m[39m
=========
>>>>>>>>> Temporary merge branch 2
 [35mhttp[39m: [35mInitialized db connection[39m
 [35mhttp[39m: [35mServer running on port 5001...[39m
 [35mhttp[39m: [35mInitialized db connection[39m
 [35mhttp[39m: [35mInitialized db connection[39m
 [35mhttp[39m: [35mServer running on port 5001...[39m
 [35mhttp[39m: [35mInitialized db connection[39m
 [35mhttp[39m: [35mInitialized db connection[39m
 [35mhttp[39m: [35mServer running on port 5001...[39m
 [35mhttp[39m: [35mInitialized db connection[39m
 [35mhttp[39m: [35mInitialized db connection[39m
 [35mhttp[39m: [35mServer running on port 5001...[39m
 [35mhttp[39m: [35mInitialized db connection[39m
 [35mhttp[39m: [35mInitialized db connection[39m
 [35mhttp[39m: [35mServer running on port 5001...[39m
 [35mhttp[39m: [35mInitialized db connection[39m
<<<<<<<<< Temporary merge branch 1
 [35mhttp[39m: [35mPOST /api/auth/login 201 451 - 180.548 ms[39m
[35m[39m
=========
>>>>>>>>> Temporary merge branch 2
 [35mhttp[39m: [35mInitialized db connection[39m
 [35mhttp[39m: [35mServer running on port 5001...[39m
 [35mhttp[39m: [35mInitialized db connection[39m
 [35mhttp[39m: [35mInitialized db connection[39m
 [35mhttp[39m: [35mServer running on port 5001...[39m
 [35mhttp[39m: [35mInitialized db connection[39m
<<<<<<<<< Temporary merge branch 1
 [35mhttp[39m: [35mGET /api/user/profile 200 253 - 35.316 ms[39m
[35m[39m
 [35mhttp[39m: [35mDELETE /api/user/profile/deactivate 204 - - 24.738 ms[39m
[35m[39m
 [35mhttp[39m: [35mInitialized db connection[39m
 [35mhttp[39m: [35mServer running on port 5001...[39m
 [35mhttp[39m: [35mInitialized db connection[39m
 [35mhttp[39m: [35mPOST /api/auth/login 201 465 - 246.797 ms[39m
[35m[39m
 [35mhttp[39m: [35mPOST /api/auth/login 201 465 - 141.315 ms[39m
[35m[39m
 [31merror[39m: [31mError Message : jwt malformed and Status Code : 500 [39m
 [35mhttp[39m: [35mGET /api/user/profile 500 73 - 2.870 ms[39m
[35m[39m
 [35mhttp[39m: [35mInitialized db connection[39m
 [35mhttp[39m: [35mServer running on port 5001...[39m
 [35mhttp[39m: [35mInitialized db connection[39m
 [31merror[39m: [31mError Message : jwt malformed and Status Code : 500 [39m
 [35mhttp[39m: [35mGET /api/user/profile 500 73 - 8.188 ms[39m
[35m[39m
=========
 [35mhttp[39m: [35mInitialized db connection[39m
 [35mhttp[39m: [35mServer running on port 5001...[39m
 [35mhttp[39m: [35mInitialized db connection[39m
 [35mhttp[39m: [35mInitialized db connection[39m
 [35mhttp[39m: [35mServer running on port 5001...[39m
 [35mhttp[39m: [35mInitialized db connection[39m
>>>>>>>>> Temporary merge branch 2
 [35mhttp[39m: [35mInitialized db connection[39m
 [35mhttp[39m: [35mServer running on port 5001...[39m
 [35mhttp[39m: [35mInitialized db connection[39m
 [35mhttp[39m: [35mInitialized db connection[39m
 [35mhttp[39m: [35mServer running on port 5001...[39m
 [35mhttp[39m: [35mInitialized db connection[39m
<<<<<<<<< Temporary merge branch 1
 [35mhttp[39m: [35mPATCH /api/user/profile/updateusername 200 47 - 57.183 ms[39m
[35m[39m
 [35mhttp[39m: [35mPATCH /api/user/profile/updateusername 200 47 - 27.130 ms[39m
[35m[39m
=========
>>>>>>>>> Temporary merge branch 2
 [35mhttp[39m: [35mInitialized db connection[39m
 [35mhttp[39m: [35mServer running on port 5001...[39m
 [35mhttp[39m: [35mInitialized db connection[39m
 [35mhttp[39m: [35mInitialized db connection[39m
 [35mhttp[39m: [35mServer running on port 5001...[39m
 [35mhttp[39m: [35mInitialized db connection[39m
<<<<<<<<< Temporary merge branch 1
 [35mhttp[39m: [35mPATCH /api/user/profile/updateusername 200 47 - 39.793 ms[39m
[35m[39m
 [31merror[39m: [31mError Message : Your Account Is Deactivated and Status Code : 403 [39m
 [35mhttp[39m: [35mGET /api/user/profile 403 75 - 10.010 ms[39m
[35m[39m
 [31merror[39m: [31mError Message : Your Account Is Deactivated and Status Code : 403 [39m
 [35mhttp[39m: [35mPATCH /api/user/profile/updateusername 403 75 - 12.101 ms[39m
[35m[39m
 [35mhttp[39m: [35mPOST /api/user/profile/reactivate 200 61 - 16.998 ms[39m
[35m[39m
 [35mhttp[39m: [35mGET /api/user/profile 200 349 - 14.194 ms[39m
[35m[39m
 [35mhttp[39m: [35mPOST /api/blog 201 125 - 53.166 ms[39m
[35m[39m
 [35mhttp[39m: [35mPOST /api/blog 201 125 - 34.329 ms[39m
[35m[39m
 [35mhttp[39m: [35mGET /api/blog 201 2287 - 29.710 ms[39m
[35m[39m
 [35mhttp[39m: [35mGET /api/blog/6686c6dd30fdb051b21d9d27 201 328 - 13.079 ms[39m
[35m[39m
 [35mhttp[39m: [35mPATCH /api/blog/6686c6dd30fdb051b21d9d27/vote?vote=upvote 201 113 - 24.574 ms[39m
[35m[39m
=========
 [35mhttp[39m: [35mInitialized db connection[39m
 [35mhttp[39m: [35mServer running on port 5001...[39m
 [35mhttp[39m: [35mInitialized db connection[39m
>>>>>>>>> Temporary merge branch 2
 [35mhttp[39m: [35mInitialized db connection[39m
 [35mhttp[39m: [35mServer running on port 5001...[39m
 [35mhttp[39m: [35mInitialized db connection[39m
 [35mhttp[39m: [35mInitialized db connection[39m
 [35mhttp[39m: [35mServer running on port 5001...[39m
 [35mhttp[39m: [35mInitialized db connection[39m
 [35mhttp[39m: [35mInitialized db connection[39m
 [35mhttp[39m: [35mServer running on port 5001...[39m
 [35mhttp[39m: [35mInitialized db connection[39m
 [35mhttp[39m: [35mInitialized db connection[39m
 [35mhttp[39m: [35mServer running on port 5001...[39m
 [35mhttp[39m: [35mInitialized db connection[39m
 [35mhttp[39m: [35mInitialized db connection[39m
 [35mhttp[39m: [35mServer running on port 5001...[39m
 [35mhttp[39m: [35mInitialized db connection[39m
 [35mhttp[39m: [35mInitialized db connection[39m
 [35mhttp[39m: [35mServer running on port 5001...[39m
 [35mhttp[39m: [35mInitialized db connection[39m
<<<<<<<<< Temporary merge branch 1
 [31merror[39m: [31mError Message : Username Does Not Exists and Status Code : 401 [39m
 [35mhttp[39m: [35mPOST /api/auth/login 401 72 - 17.718 ms[39m
[35m[39m
 [35mhttp[39m: [35mPOST /api/auth/login 201 456 - 194.601 ms[39m
[35m[39m
 [35mhttp[39m: [35mInitialized db connection[39m
 [35mhttp[39m: [35mServer running on port 5001...[39m
 [35mhttp[39m: [35mInitialized db connection[39m
 [35mhttp[39m: [35mInitialized db connection[39m
 [35mhttp[39m: [35mServer running on port 5001...[39m
 [35mhttp[39m: [35mInitialized db connection[39m
 [35mhttp[39m: [35mInitialized db connection[39m
 [35mhttp[39m: [35mServer running on port 5001...[39m
 [35mhttp[39m: [35mInitialized db connection[39m
 [35mhttp[39m: [35mInitialized db connection[39m
 [35mhttp[39m: [35mServer running on port 5001...[39m
 [35mhttp[39m: [35mInitialized db connection[39m
 [35mhttp[39m: [35mPOST /api/auth/login 201 456 - 347.565 ms[39m
[35m[39m
 [35mhttp[39m: [35mInitialized db connection[39m
 [35mhttp[39m: [35mServer running on port 5001...[39m
 [35mhttp[39m: [35mInitialized db connection[39m
 [35mhttp[39m: [35mPOST /api/auth/login 201 456 - 263.645 ms[39m
[35m[39m
 [35mhttp[39m: [35mInitialized db connection[39m
 [35mhttp[39m: [35mServer running on port 5001...[39m
 [35mhttp[39m: [35mInitialized db connection[39m
 [35mhttp[39m: [35mPOST /api/auth/login 201 456 - 224.126 ms[39m
[35m[39m
 [35mhttp[39m: [35mInitialized db connection[39m
 [35mhttp[39m: [35mServer running on port 5001...[39m
 [35mhttp[39m: [35mInitialized db connection[39m
 [35mhttp[39m: [35mInitialized db connection[39m
 [35mhttp[39m: [35mServer running on port 5001...[39m
 [35mhttp[39m: [35mInitialized db connection[39m
 [35mhttp[39m: [35mPOST /api/auth/login 201 456 - 478.156 ms[39m
=========
 [35mhttp[39m: [35mOPTIONS /api/auth/login-google 204 0 - 1.665 ms[39m
[35m[39m
 [35mhttp[39m: [35mGET /api/auth/login-google 201 640 - 631.014 ms[39m
[35m[39m
 [35mhttp[39m: [35mOPTIONS /api/auth/login-google 204 0 - 0.171 ms[39m
[35m[39m
 [35mhttp[39m: [35mGET /api/auth/login-google 201 640 - 0.814 ms[39m
[35m[39m
 [31merror[39m: [31mError Message : Cannot find /api/login-google and Status Code : 404 [39m
 [35mhttp[39m: [35mGET /api/login-google 404 77 - 1.535 ms[39m
[35m[39m
 [35mhttp[39m: [35mGET /api/auth/login-google 201 640 - 0.932 ms[39m
>>>>>>>>> Temporary merge branch 2
[35m[39m
 [35mhttp[39m: [35mInitialized db connection[39m
 [35mhttp[39m: [35mServer running on port 5001...[39m
 [35mhttp[39m: [35mOPTIONS /api/auth/login-google 204 0 - 2.119 ms[39m
[35m[39m
 [31merror[39m: [31mError Message : Operation `gmailusers.findOne()` buffering timed out after 10000ms and Status Code : 500 [39m
 [35mhttp[39m: [35mGET /api/auth/login-google 500 122 - 10456.942 ms[39m
[35m[39m
 [31merror[39m: [31mDatabase connection error: MongooseServerSelectionError: connect ECONNREFUSED ::1:27017, connect ECONNREFUSED 127.0.0.1:27017[39m
 [35mhttp[39m: [35mOPTIONS /api/auth/login-google 204 0 - 0.233 ms[39m
[35m[39m
 [35mhttp[39m: [35mOPTIONS /api/auth/login-google 204 0 - 0.194 ms[39m
[35m[39m
 [31merror[39m: [31mError Message : Operation `gmailusers.findOne()` buffering timed out after 10000ms and Status Code : 500 [39m
 [35mhttp[39m: [35mGET /api/auth/login-google 500 122 - 10008.355 ms[39m
[35m[39m
 [31merror[39m: [31mError Message : Operation `gmailusers.findOne()` buffering timed out after 10000ms and Status Code : 500 [39m
 [35mhttp[39m: [35mGET /api/auth/login-google 500 122 - 10005.378 ms[39m
[35m[39m
 [35mhttp[39m: [35mInitialized db connection[39m
 [35mhttp[39m: [35mServer running on port 5001...[39m
 [35mhttp[39m: [35mInitialized db connection[39m
 [35mhttp[39m: [35mServer running on port 5001...[39m
 [35mhttp[39m: [35mInitialized db connection[39m
 [35mhttp[39m: [35mOPTIONS /api/auth/login 204 0 - 0.891 ms[39m
[35m[39m
 [35mhttp[39m: [35mPOST /api/auth/login 201 477 - 160.228 ms[39m
[35m[39m
 [35mhttp[39m: [35mOPTIONS /api/auth/login-google 204 0 - 0.173 ms[39m
[35m[39m
 [35mhttp[39m: [35mGET /api/auth/login-google 201 468 - 624.612 ms[39m
[35m[39m
 [35mhttp[39m: [35mInitialized db connection[39m
 [35mhttp[39m: [35mServer running on port 5001...[39m
 [35mhttp[39m: [35mInitialized db connection[39m
 [35mhttp[39m: [35mInitialized db connection[39m
 [35mhttp[39m: [35mServer running on port 5001...[39m
 [35mhttp[39m: [35mInitialized db connection[39m
 [35mhttp[39m: [35mOPTIONS /api/auth/login 204 0 - 2.452 ms[39m
[35m[39m
 [35mhttp[39m: [35mPOST /api/auth/login 201 478 - 162.323 ms[39m
[35m[39m
 [35mhttp[39m: [35mInitialized db connection[39m
 [35mhttp[39m: [35mServer running on port 5001...[39m
 [35mhttp[39m: [35mInitialized db connection[39m
 [35mhttp[39m: [35mOPTIONS /api/auth/login 204 0 - 0.816 ms[39m
[35m[39m
 [35mhttp[39m: [35mPOST /api/auth/login 201 478 - 88.380 ms[39m
[35m[39m
 [35mhttp[39m: [35mOPTIONS /api/auth/login 204 0 - 0.113 ms[39m
[35m[39m
 [35mhttp[39m: [35mPOST /api/auth/login 201 478 - 60.645 ms[39m
[35m[39m
 [35mhttp[39m: [35mInitialized db connection[39m
 [35mhttp[39m: [35mServer running on port 5001...[39m
 [35mhttp[39m: [35mInitialized db connection[39m
 [35mhttp[39m: [35mOPTIONS /api/auth/login 204 0 - 0.857 ms[39m
[35m[39m
 [35mhttp[39m: [35mPOST /api/auth/login 201 478 - 104.153 ms[39m
[35m[39m
 [35mhttp[39m: [35mInitialized db connection[39m
 [35mhttp[39m: [35mServer running on port 5001...[39m
 [35mhttp[39m: [35mInitialized db connection[39m
 [35mhttp[39m: [35mOPTIONS /api/auth/login 204 0 - 0.701 ms[39m
[35m[39m
 [35mhttp[39m: [35mPOST /api/auth/login 201 478 - 116.703 ms[39m
[35m[39m
 [35mhttp[39m: [35mInitialized db connection[39m
 [35mhttp[39m: [35mServer running on port 5001...[39m
 [35mhttp[39m: [35mInitialized db connection[39m
 [35mhttp[39m: [35mOPTIONS /api/auth/login 204 0 - 0.732 ms[39m
[35m[39m
 [35mhttp[39m: [35mPOST /api/auth/login 201 478 - 106.871 ms[39m
[35m[39m
 [35mhttp[39m: [35mInitialized db connection[39m
 [35mhttp[39m: [35mServer running on port 5001...[39m
 [35mhttp[39m: [35mInitialized db connection[39m
 [35mhttp[39m: [35mOPTIONS /api/auth/login-google 204 0 - 1.721 ms[39m
[35m[39m
 [35mhttp[39m: [35mGET /api/auth/login-google 201 468 - 327.760 ms[39m
[35m[39m
 [35mhttp[39m: [35mOPTIONS /api/auth/login 204 0 - 0.429 ms[39m
[35m[39m
 [35mhttp[39m: [35mPOST /api/auth/login 201 478 - 106.943 ms[39m
[35m[39m
 [35mhttp[39m: [35mInitialized db connection[39m
 [35mhttp[39m: [35mServer running on port 5001...[39m
 [35mhttp[39m: [35mInitialized db connection[39m
 [35mhttp[39m: [35mInitialized db connection[39m
 [35mhttp[39m: [35mServer running on port 5001...[39m
 [35mhttp[39m: [35mInitialized db connection[39m
 [35mhttp[39m: [35mInitialized db connection[39m
 [35mhttp[39m: [35mServer running on port 5001...[39m
 [35mhttp[39m: [35mInitialized db connection[39m
 [35mhttp[39m: [35mOPTIONS /api/auth/login 204 0 - 0.736 ms[39m
[35m[39m
 [31merror[39m: [31mError Message : The Password You Entered Is Incorrect and Status Code : 403 [39m
 [35mhttp[39m: [35mPOST /api/auth/login 403 85 - 91.382 ms[39m
[35m[39m
 [35mhttp[39m: [35mPOST /api/auth/login 201 478 - 96.637 ms[39m
[35m[39m
 [35mhttp[39m: [35mOPTIONS /api/user/profile 204 0 - 1.079 ms[39m
[35m[39m
 [31merror[39m: [31mError Message : jwt expired and Status Code : 500 [39m
 [35mhttp[39m: [35mGET /api/user/profile 500 71 - 13.447 ms[39m
[35m[39m
 [35mhttp[39m: [35mOPTIONS /api/auth/login 204 0 - 0.076 ms[39m
[35m[39m
 [35mhttp[39m: [35mPOST /api/auth/login 201 478 - 97.386 ms[39m
[35m[39m
 [35mhttp[39m: [35mOPTIONS /api/user/profile 204 0 - 0.096 ms[39m
[35m[39m
 [35mhttp[39m: [35mOPTIONS /api/user/profile 204 0 - 0.258 ms[39m
[35m[39m
 [31merror[39m: [31mError Message : jwt expired and Status Code : 500 [39m
 [35mhttp[39m: [35mGET /api/user/profile 500 71 - 1.835 ms[39m
[35m[39m
 [31merror[39m: [31mError Message : jwt expired and Status Code : 500 [39m
 [35mhttp[39m: [35mGET /api/user/profile 500 71 - 1.920 ms[39m
[35m[39m
 [35mhttp[39m: [35mOPTIONS /api/user/profile 204 0 - 0.229 ms[39m
[35m[39m
 [31merror[39m: [31mError Message : jwt expired and Status Code : 500 [39m
 [35mhttp[39m: [35mGET /api/user/profile 500 71 - 1.777 ms[39m
[35m[39m
 [31merror[39m: [31mError Message : jwt expired and Status Code : 500 [39m
 [35mhttp[39m: [35mGET /api/user/profile 500 71 - 2.147 ms[39m
[35m[39m
 [35mhttp[39m: [35mOPTIONS /api/user/profile 204 0 - 0.094 ms[39m
[35m[39m
 [31merror[39m: [31mError Message : jwt expired and Status Code : 500 [39m
 [35mhttp[39m: [35mGET /api/user/profile 500 71 - 1.228 ms[39m
[35m[39m
 [31merror[39m: [31mError Message : jwt expired and Status Code : 500 [39m
 [35mhttp[39m: [35mGET /api/user/profile 500 71 - 2.657 ms[39m
[35m[39m
 [35mhttp[39m: [35mOPTIONS /api/user/profile 204 0 - 0.413 ms[39m
[35m[39m
 [35mhttp[39m: [35mOPTIONS /api/user/profile 204 0 - 0.263 ms[39m
[35m[39m
 [31merror[39m: [31mError Message : Authentication Token is Missing and Status Code : 403 [39m
 [35mhttp[39m: [35mGET /api/user/profile 403 79 - 6.321 ms[39m
[35m[39m
 [31merror[39m: [31mError Message : Authentication Token is Missing and Status Code : 403 [39m
 [35mhttp[39m: [35mGET /api/user/profile 403 79 - 1.128 ms[39m
[35m[39m
 [35mhttp[39m: [35mGET /api/user/profile 200 223 - 20.192 ms[39m
[35m[39m
 [35mhttp[39m: [35mOPTIONS /api/auth/login 204 0 - 0.167 ms[39m
[35m[39m
 [35mhttp[39m: [35mPOST /api/auth/login 201 478 - 69.459 ms[39m
[35m[39m
 [35mhttp[39m: [35mOPTIONS /api/user/profile 204 0 - 0.197 ms[39m
[35m[39m
 [35mhttp[39m: [35mOPTIONS /api/user/profile 204 0 - 0.152 ms[39m
[35m[39m
 [35mhttp[39m: [35mGET /api/user/profile 200 223 - 9.766 ms[39m
[35m[39m
 [35mhttp[39m: [35mGET /api/user/profile 200 223 - 5.611 ms[39m
[35m[39m
 [35mhttp[39m: [35mOPTIONS /api/user/profile 204 0 - 0.079 ms[39m
[35m[39m
 [35mhttp[39m: [35mGET /api/user/profile 200 223 - 3.612 ms[39m
[35m[39m
 [35mhttp[39m: [35mOPTIONS /api/user/profile 204 0 - 0.068 ms[39m
[35m[39m
 [35mhttp[39m: [35mGET /api/user/profile 200 223 - 3.681 ms[39m
[35m[39m
 [35mhttp[39m: [35mOPTIONS /api/user/profile 204 0 - 0.083 ms[39m
[35m[39m
 [35mhttp[39m: [35mGET /api/user/profile 200 223 - 5.696 ms[39m
[35m[39m
 [35mhttp[39m: [35mOPTIONS /api/user/profile 204 0 - 0.071 ms[39m
[35m[39m
 [35mhttp[39m: [35mGET /api/user/profile 200 223 - 3.285 ms[39m
[35m[39m
 [35mhttp[39m: [35mOPTIONS /api/user/profile 204 0 - 0.143 ms[39m
[35m[39m
 [35mhttp[39m: [35mGET /api/user/profile 200 223 - 4.097 ms[39m
[35m[39m
 [35mhttp[39m: [35mGET /api/user/profile 200 223 - 5.007 ms[39m
[35m[39m
 [35mhttp[39m: [35mOPTIONS /api/user/profile 204 0 - 0.100 ms[39m
[35m[39m
 [35mhttp[39m: [35mGET /api/user/profile 200 223 - 4.622 ms[39m
[35m[39m
 [35mhttp[39m: [35mOPTIONS /api/user/profile 204 0 - 0.098 ms[39m
[35m[39m
 [35mhttp[39m: [35mOPTIONS /api/user/profile 204 0 - 0.136 ms[39m
[35m[39m
 [35mhttp[39m: [35mGET /api/user/profile 200 223 - 6.915 ms[39m
[35m[39m
 [35mhttp[39m: [35mGET /api/user/profile 200 223 - 5.448 ms[39m
[35m[39m
 [35mhttp[39m: [35mGET /api/user/profile 200 223 - 4.517 ms[39m
[35m[39m
 [35mhttp[39m: [35mOPTIONS /api/user/profile 204 0 - 0.093 ms[39m
[35m[39m
 [35mhttp[39m: [35mGET /api/user/profile 200 223 - 4.300 ms[39m
[35m[39m
 [35mhttp[39m: [35mGET /api/user/profile 200 223 - 5.443 ms[39m
[35m[39m
 [35mhttp[39m: [35mGET /api/user/profile 200 223 - 4.799 ms[39m
[35m[39m
 [35mhttp[39m: [35mOPTIONS /api/user/profile 204 0 - 0.107 ms[39m
[35m[39m
 [35mhttp[39m: [35mGET /api/user/profile 200 223 - 2.938 ms[39m
[35m[39m
 [35mhttp[39m: [35mOPTIONS /api/user/profile 204 0 - 0.125 ms[39m
[35m[39m
 [35mhttp[39m: [35mOPTIONS /api/user/profile 204 0 - 0.071 ms[39m
[35m[39m
 [35mhttp[39m: [35mGET /api/user/profile 200 223 - 5.027 ms[39m
[35m[39m
 [35mhttp[39m: [35mGET /api/user/profile 200 223 - 5.186 ms[39m
[35m[39m
 [35mhttp[39m: [35mGET /api/user/profile 200 223 - 6.058 ms[39m
[35m[39m
 [35mhttp[39m: [35mGET /api/user/profile 200 223 - 6.210 ms[39m
[35m[39m
 [35mhttp[39m: [35mGET /api/user/profile 200 223 - 5.813 ms[39m
[35m[39m
 [35mhttp[39m: [35mGET /api/user/profile 200 223 - 6.983 ms[39m
[35m[39m
 [35mhttp[39m: [35mOPTIONS /api/user/profile 204 0 - 0.079 ms[39m
[35m[39m
 [35mhttp[39m: [35mGET /api/user/profile 200 223 - 3.810 ms[39m
[35m[39m
 [35mhttp[39m: [35mOPTIONS /api/user/profile 204 0 - 0.164 ms[39m
[35m[39m
 [35mhttp[39m: [35mOPTIONS /api/user/profile 204 0 - 0.197 ms[39m
[35m[39m
 [35mhttp[39m: [35mGET /api/user/profile 200 223 - 4.915 ms[39m
[35m[39m
 [35mhttp[39m: [35mGET /api/user/profile 200 223 - 4.220 ms[39m
[35m[39m
 [35mhttp[39m: [35mGET /api/user/profile 200 223 - 5.743 ms[39m
[35m[39m
 [35mhttp[39m: [35mOPTIONS /api/user/profile 204 0 - 0.093 ms[39m
[35m[39m
 [35mhttp[39m: [35mGET /api/user/profile 200 223 - 4.039 ms[39m
[35m[39m
 [35mhttp[39m: [35mOPTIONS /api/user/profile 204 0 - 0.162 ms[39m
[35m[39m
 [35mhttp[39m: [35mOPTIONS /api/user/profile 204 0 - 0.070 ms[39m
[35m[39m
 [35mhttp[39m: [35mGET /api/user/profile 200 223 - 6.320 ms[39m
[35m[39m
 [35mhttp[39m: [35mGET /api/user/profile 200 223 - 4.468 ms[39m
[35m[39m
 [35mhttp[39m: [35mGET /api/user/profile 200 223 - 4.040 ms[39m
[35m[39m
 [35mhttp[39m: [35mOPTIONS /api/user/profile 204 0 - 0.071 ms[39m
[35m[39m
 [35mhttp[39m: [35mGET /api/user/profile 200 223 - 3.187 ms[39m
[35m[39m
 [35mhttp[39m: [35mOPTIONS /api/user/profile 204 0 - 0.142 ms[39m
[35m[39m
 [35mhttp[39m: [35mOPTIONS /api/user/profile 204 0 - 0.149 ms[39m
[35m[39m
 [35mhttp[39m: [35mOPTIONS /api/user/profile 204 0 - 0.091 ms[39m
[35m[39m
 [35mhttp[39m: [35mGET /api/user/profile 200 223 - 5.575 ms[39m
[35m[39m
 [35mhttp[39m: [35mGET /api/user/profile 200 223 - 3.945 ms[39m
[35m[39m
 [35mhttp[39m: [35mGET /api/user/profile 200 223 - 3.526 ms[39m
[35m[39m
 [35mhttp[39m: [35mOPTIONS /api/user/profile 204 0 - 0.071 ms[39m
[35m[39m
 [35mhttp[39m: [35mGET /api/user/profile 200 223 - 3.910 ms[39m
[35m[39m
 [35mhttp[39m: [35mGET /api/user/profile 200 223 - 5.326 ms[39m
[35m[39m
 [35mhttp[39m: [35mOPTIONS /api/user/profile 204 0 - 0.203 ms[39m
[35m[39m
 [35mhttp[39m: [35mOPTIONS /api/user/profile 204 0 - 0.069 ms[39m
[35m[39m
 [35mhttp[39m: [35mGET /api/user/profile 200 223 - 3.958 ms[39m
[35m[39m
 [35mhttp[39m: [35mGET /api/user/profile 200 223 - 4.183 ms[39m
[35m[39m
 [35mhttp[39m: [35mGET /api/user/profile 200 223 - 4.694 ms[39m
[35m[39m
 [35mhttp[39m: [35mGET /api/user/profile 200 223 - 5.495 ms[39m
[35m[39m
 [35mhttp[39m: [35mGET /api/user/profile 200 223 - 5.067 ms[39m
[35m[39m
 [35mhttp[39m: [35mGET /api/user/profile 200 223 - 4.749 ms[39m
[35m[39m
 [35mhttp[39m: [35mGET /api/user/profile 200 223 - 6.373 ms[39m
[35m[39m
 [35mhttp[39m: [35mGET /api/user/profile 200 223 - 5.039 ms[39m
[35m[39m
 [35mhttp[39m: [35mGET /api/user/profile 200 223 - 5.286 ms[39m
[35m[39m
 [35mhttp[39m: [35mGET /api/user/profile 200 223 - 5.123 ms[39m
[35m[39m
 [35mhttp[39m: [35mGET /api/user/profile 200 223 - 4.706 ms[39m
[35m[39m
 [35mhttp[39m: [35mGET /api/user/profile 200 223 - 3.896 ms[39m
[35m[39m
 [35mhttp[39m: [35mOPTIONS /api/user/profile 204 0 - 0.108 ms[39m
[35m[39m
 [35mhttp[39m: [35mGET /api/user/profile 200 223 - 4.900 ms[39m
[35m[39m
 [35mhttp[39m: [35mGET /api/user/profile 200 223 - 4.119 ms[39m
[35m[39m
 [35mhttp[39m: [35mGET /api/user/profile 200 223 - 6.488 ms[39m
[35m[39m
 [35mhttp[39m: [35mGET /api/user/profile 200 223 - 5.663 ms[39m
[35m[39m
 [35mhttp[39m: [35mOPTIONS /api/user/profile 204 0 - 0.096 ms[39m
[35m[39m
 [35mhttp[39m: [35mOPTIONS /api/user/profile 204 0 - 0.074 ms[39m
[35m[39m
 [35mhttp[39m: [35mGET /api/user/profile 200 223 - 5.777 ms[39m
[35m[39m
 [35mhttp[39m: [35mGET /api/user/profile 200 223 - 5.506 ms[39m
[35m[39m
 [35mhttp[39m: [35mGET /api/user/profile 200 223 - 4.800 ms[39m
[35m[39m
 [35mhttp[39m: [35mGET /api/user/profile 200 223 - 4.320 ms[39m
[35m[39m
 [35mhttp[39m: [35mOPTIONS /api/user/profile 204 0 - 0.093 ms[39m
[35m[39m
 [35mhttp[39m: [35mOPTIONS /api/user/profile 204 0 - 0.065 ms[39m
[35m[39m
 [35mhttp[39m: [35mGET /api/user/profile 200 223 - 4.820 ms[39m
[35m[39m
 [35mhttp[39m: [35mGET /api/user/profile 200 223 - 5.057 ms[39m
[35m[39m
 [35mhttp[39m: [35mOPTIONS /api/user/profile 204 0 - 0.107 ms[39m
[35m[39m
 [35mhttp[39m: [35mGET /api/user/profile 200 223 - 5.068 ms[39m
[35m[39m
 [35mhttp[39m: [35mGET /api/user/profile 200 223 - 4.705 ms[39m
[35m[39m
 [35mhttp[39m: [35mGET /api/user/profile 200 223 - 4.717 ms[39m
[35m[39m
 [35mhttp[39m: [35mGET /api/user/profile 200 223 - 4.369 ms[39m
[35m[39m
 [35mhttp[39m: [35mGET /api/user/profile 200 223 - 4.760 ms[39m
[35m[39m
 [35mhttp[39m: [35mGET /api/user/profile 200 223 - 4.674 ms[39m
[35m[39m
 [35mhttp[39m: [35mGET /api/user/profile 200 223 - 4.905 ms[39m
[35m[39m
 [35mhttp[39m: [35mGET /api/user/profile 200 223 - 4.659 ms[39m
[35m[39m
 [35mhttp[39m: [35mOPTIONS /api/user/profile 204 0 - 0.080 ms[39m
[35m[39m
 [35mhttp[39m: [35mGET /api/user/profile 200 223 - 5.051 ms[39m
[35m[39m
 [35mhttp[39m: [35mGET /api/user/profile 200 223 - 4.035 ms[39m
[35m[39m
 [35mhttp[39m: [35mOPTIONS /api/user/profile 204 0 - 0.098 ms[39m
[35m[39m
 [35mhttp[39m: [35mGET /api/user/profile 200 223 - 4.355 ms[39m
[35m[39m
 [35mhttp[39m: [35mGET /api/user/profile 200 223 - 3.967 ms[39m
[35m[39m
 [35mhttp[39m: [35mGET /api/user/profile 200 223 - 5.213 ms[39m
[35m[39m
 [35mhttp[39m: [35mGET /api/user/profile 200 223 - 4.040 ms[39m
[35m[39m
 [35mhttp[39m: [35mOPTIONS /api/user/profile 204 0 - 0.295 ms[39m
[35m[39m
 [35mhttp[39m: [35mOPTIONS /api/user/profile 204 0 - 0.077 ms[39m
[35m[39m
 [35mhttp[39m: [35mGET /api/user/profile 200 223 - 6.511 ms[39m
[35m[39m
 [35mhttp[39m: [35mGET /api/user/profile 200 223 - 4.835 ms[39m
[35m[39m
 [35mhttp[39m: [35mGET /api/user/profile 200 223 - 4.932 ms[39m
[35m[39m
 [35mhttp[39m: [35mGET /api/user/profile 200 223 - 5.185 ms[39m
[35m[39m
 [35mhttp[39m: [35mGET /api/user/profile 200 223 - 5.725 ms[39m
[35m[39m
 [35mhttp[39m: [35mGET /api/user/profile 200 223 - 5.162 ms[39m
[35m[39m
 [35mhttp[39m: [35mOPTIONS /api/user/profile 204 0 - 0.069 ms[39m
[35m[39m
 [35mhttp[39m: [35mGET /api/user/profile 200 223 - 5.232 ms[39m
[35m[39m
 [35mhttp[39m: [35mGET /api/user/profile 200 223 - 4.312 ms[39m
[35m[39m
 [35mhttp[39m: [35mGET /api/user/profile 200 223 - 5.214 ms[39m
[35m[39m
 [35mhttp[39m: [35mGET /api/user/profile 200 223 - 5.241 ms[39m
[35m[39m
 [35mhttp[39m: [35mOPTIONS /api/user/profile 204 0 - 0.116 ms[39m
[35m[39m
 [35mhttp[39m: [35mGET /api/user/profile 200 223 - 4.684 ms[39m
[35m[39m
 [35mhttp[39m: [35mGET /api/user/profile 200 223 - 4.946 ms[39m
[35m[39m
 [35mhttp[39m: [35mOPTIONS /api/user/profile 204 0 - 0.200 ms[39m
[35m[39m
 [35mhttp[39m: [35mOPTIONS /api/user/profile 204 0 - 0.079 ms[39m
[35m[39m
 [35mhttp[39m: [35mGET /api/user/profile 200 223 - 5.870 ms[39m
[35m[39m
 [35mhttp[39m: [35mGET /api/user/profile 200 223 - 4.307 ms[39m
[35m[39m
 [35mhttp[39m: [35mGET /api/user/profile 200 223 - 5.830 ms[39m
[35m[39m
 [35mhttp[39m: [35mGET /api/user/profile 200 223 - 5.988 ms[39m
[35m[39m
 [35mhttp[39m: [35mGET /api/user/profile 200 223 - 6.014 ms[39m
[35m[39m
 [35mhttp[39m: [35mGET /api/user/profile 200 223 - 5.026 ms[39m
[35m[39m
 [35mhttp[39m: [35mGET /api/user/profile 200 223 - 5.827 ms[39m
[35m[39m
 [35mhttp[39m: [35mGET /api/user/profile 200 223 - 4.844 ms[39m
[35m[39m
 [35mhttp[39m: [35mOPTIONS /api/user/profile 204 0 - 0.090 ms[39m
[35m[39m
 [35mhttp[39m: [35mGET /api/user/profile 200 223 - 3.789 ms[39m
[35m[39m
 [35mhttp[39m: [35mGET /api/user/profile 200 223 - 3.802 ms[39m
[35m[39m
 [35mhttp[39m: [35mOPTIONS /api/user/profile 204 0 - 0.165 ms[39m
[35m[39m
 [35mhttp[39m: [35mGET /api/user/profile 200 223 - 3.693 ms[39m
[35m[39m
 [35mhttp[39m: [35mOPTIONS /api/user/profile 204 0 - 0.148 ms[39m
[35m[39m
 [35mhttp[39m: [35mGET /api/user/profile 200 223 - 5.051 ms[39m
[35m[39m
